c:\procademy\procademey\course1\과제\textshootinggame\textshootinggame\myshootinggame\x64\debug\vc143.pdb
c:\procademy\procademey\course1\과제\textshootinggame\textshootinggame\myshootinggame\x64\debug\vc143.idb
c:\procademy\procademey\course1\과제\textshootinggame\textshootinggame\myshootinggame\x64\debug\timemanager.obj
c:\procademy\procademey\course1\과제\textshootinggame\textshootinggame\myshootinggame\x64\debug\player.obj
c:\procademy\procademey\course1\과제\textshootinggame\textshootinggame\myshootinggame\x64\debug\missile.obj
c:\procademy\procademey\course1\과제\textshootinggame\textshootinggame\myshootinggame\x64\debug\main.obj
c:\procademy\procademey\course1\과제\textshootinggame\textshootinggame\myshootinggame\x64\debug\keymanager.obj
c:\procademy\procademey\course1\과제\textshootinggame\textshootinggame\myshootinggame\x64\debug\enemy.obj
c:\procademy\procademey\course1\과제\textshootinggame\textshootinggame\myshootinggame\x64\debug\core.obj
c:\procademy\procademey\course1\과제\textshootinggame\textshootinggame\myshootinggame\x64\debug\console.obj
c:\procademy\procademey\course1\과제\textshootinggame\textshootinggame\myshootinggame\x64\debug\scenemanager.obj
c:\procademy\procademey\course1\과제\textshootinggame\textshootinggame\myshootinggame\x64\debug\fileloader.obj
c:\procademy\procademey\course1\과제\textshootinggame\textshootinggame\myshootinggame\x64\debug\stageinfo.obj
c:\procademy\procademey\course1\과제\textshootinggame\textshootinggame\myshootinggame\x64\debug\myshootinggame.pch
c:\procademy\procademey\course1\과제\textshootinggame\textshootinggame\myshootinggame\x64\debug\pch.obj
c:\procademy\procademey\course1\과제\textshootinggame\textshootinggame\x64\debug\myshootinggame.exe
c:\procademy\procademey\course1\과제\textshootinggame\textshootinggame\myshootinggame\x64\debug\myshootinggame.ilk
c:\procademy\procademey\course1\과제\textshootinggame\textshootinggame\x64\debug\myshootinggame.pdb
c:\procademy\procademey\course1\과제\textshootinggame\textshootinggame\myshootinggame\x64\debug\player.obj.enc
c:\procademy\procademey\course1\과제\textshootinggame\textshootinggame\myshootinggame\x64\debug\myshootinggame.tlog\cl.command.1.tlog
c:\procademy\procademey\course1\과제\textshootinggame\textshootinggame\myshootinggame\x64\debug\myshootinggame.tlog\cl.items.tlog
c:\procademy\procademey\course1\과제\textshootinggame\textshootinggame\myshootinggame\x64\debug\myshootinggame.tlog\cl.read.1.tlog
c:\procademy\procademey\course1\과제\textshootinggame\textshootinggame\myshootinggame\x64\debug\myshootinggame.tlog\cl.write.1.tlog
c:\procademy\procademey\course1\과제\textshootinggame\textshootinggame\myshootinggame\x64\debug\myshootinggame.tlog\link.command.1.tlog
c:\procademy\procademey\course1\과제\textshootinggame\textshootinggame\myshootinggame\x64\debug\myshootinggame.tlog\link.read.1.tlog
c:\procademy\procademey\course1\과제\textshootinggame\textshootinggame\myshootinggame\x64\debug\myshootinggame.tlog\link.write.1.tlog
