NOALLOC [0x000001C70183D540] E:\Procademy\PROCADEMEY\course1\WindowsMazeProject\WindowsMazeProject\AStar.cpp : 65
NOALLOC [0x000001C70183D3B0] E:\Procademy\PROCADEMEY\course1\WindowsMazeProject\WindowsMazeProject\AStar.cpp : 65
NOALLOC [0x000001C70183DAE0] E:\Procademy\PROCADEMEY\course1\WindowsMazeProject\WindowsMazeProject\AStar.cpp : 65
NOALLOC [0x000001C70183D680] E:\Procademy\PROCADEMEY\course1\WindowsMazeProject\WindowsMazeProject\AStar.cpp : 65
NOALLOC [0x000001C70183D720] E:\Procademy\PROCADEMEY\course1\WindowsMazeProject\WindowsMazeProject\AStar.cpp : 65
NOALLOC [0x000001C70183D270] E:\Procademy\PROCADEMEY\course1\WindowsMazeProject\WindowsMazeProject\AStar.cpp : 65
NOALLOC [0x000001C70183D770] E:\Procademy\PROCADEMEY\course1\WindowsMazeProject\WindowsMazeProject\AStar.cpp : 65
NOALLOC [0x000001C70183DA90] E:\Procademy\PROCADEMEY\course1\WindowsMazeProject\WindowsMazeProject\AStar.cpp : 65
NOALLOC [0x000001C70183BC90] E:\Procademy\PROCADEMEY\course1\WindowsMazeProject\WindowsMazeProject\AStar.cpp : 65
NOALLOC [0x000001C70183BA60] E:\Procademy\PROCADEMEY\course1\WindowsMazeProject\WindowsMazeProject\AStar.cpp : 65
NOALLOC [0x000001C70183AFC0] E:\Procademy\PROCADEMEY\course1\WindowsMazeProject\WindowsMazeProject\AStar.cpp : 65
NOALLOC [0x000001C70183B650] E:\Procademy\PROCADEMEY\course1\WindowsMazeProject\WindowsMazeProject\AStar.cpp : 65
NOALLOC [0x000001C70183B3D0] E:\Procademy\PROCADEMEY\course1\WindowsMazeProject\WindowsMazeProject\AStar.cpp : 65
NOALLOC [0x000001C70183B330] E:\Procademy\PROCADEMEY\course1\WindowsMazeProject\WindowsMazeProject\AStar.cpp : 65
NOALLOC [0x000001C70183B380] E:\Procademy\PROCADEMEY\course1\WindowsMazeProject\WindowsMazeProject\AStar.cpp : 65
NOALLOC [0x000001C70183F5C0] E:\Procademy\PROCADEMEY\course1\WindowsMazeProject\WindowsMazeProject\AStar.cpp : 65
NOALLOC [0x000001C70183FCF0] E:\Procademy\PROCADEMEY\course1\WindowsMazeProject\WindowsMazeProject\AStar.cpp : 65
NOALLOC [0x000001C70183FFC0] E:\Procademy\PROCADEMEY\course1\WindowsMazeProject\WindowsMazeProject\AStar.cpp : 65
NOALLOC [0x000001C70183F390] E:\Procademy\PROCADEMEY\course1\WindowsMazeProject\WindowsMazeProject\AStar.cpp : 65
NOALLOC [0x000001C701840150] E:\Procademy\PROCADEMEY\course1\WindowsMazeProject\WindowsMazeProject\AStar.cpp : 65
NOALLOC [0x000001C70183FC50] E:\Procademy\PROCADEMEY\course1\WindowsMazeProject\WindowsMazeProject\AStar.cpp : 65
NOALLOC [0x000001C701842EF0] E:\Procademy\PROCADEMEY\course1\WindowsMazeProject\WindowsMazeProject\AStar.cpp : 65
NOALLOC [0x000001C7018420E0] E:\Procademy\PROCADEMEY\course1\WindowsMazeProject\WindowsMazeProject\AStar.cpp : 65
NOALLOC [0x000001C701842130] E:\Procademy\PROCADEMEY\course1\WindowsMazeProject\WindowsMazeProject\AStar.cpp : 65
NOALLOC [0x000001C701842720] E:\Procademy\PROCADEMEY\course1\WindowsMazeProject\WindowsMazeProject\AStar.cpp : 65
NOALLOC [0x000001C701842310] E:\Procademy\PROCADEMEY\course1\WindowsMazeProject\WindowsMazeProject\AStar.cpp : 65
NOALLOC [0x000001C701843D50] E:\Procademy\PROCADEMEY\course1\WindowsMazeProject\WindowsMazeProject\AStar.cpp : 65
NOALLOC [0x000001C701843BC0] E:\Procademy\PROCADEMEY\course1\WindowsMazeProject\WindowsMazeProject\AStar.cpp : 65
NOALLOC [0x000001C701843E40] E:\Procademy\PROCADEMEY\course1\WindowsMazeProject\WindowsMazeProject\AStar.cpp : 65
NOALLOC [0x000001C701843DA0] E:\Procademy\PROCADEMEY\course1\WindowsMazeProject\WindowsMazeProject\AStar.cpp : 65
NOALLOC [0x000001C701847430] E:\Procademy\PROCADEMEY\course1\WindowsMazeProject\WindowsMazeProject\AStar.cpp : 65
NOALLOC [0x000001C7018472A0] E:\Procademy\PROCADEMEY\course1\WindowsMazeProject\WindowsMazeProject\AStar.cpp : 65
NOALLOC [0x000001C701848100] E:\Procademy\PROCADEMEY\course1\WindowsMazeProject\WindowsMazeProject\AStar.cpp : 65
NOALLOC [0x000001C701847E80] E:\Procademy\PROCADEMEY\course1\WindowsMazeProject\WindowsMazeProject\AStar.cpp : 65
NOALLOC [0x000001C70184ADD0] E:\Procademy\PROCADEMEY\course1\WindowsMazeProject\WindowsMazeProject\AStar.cpp : 65
NOALLOC [0x000001C70184AA10] E:\Procademy\PROCADEMEY\course1\WindowsMazeProject\WindowsMazeProject\AStar.cpp : 65
NOALLOC [0x000001C70184AFB0] E:\Procademy\PROCADEMEY\course1\WindowsMazeProject\WindowsMazeProject\AStar.cpp : 65
NOALLOC [0x000001C70184A1F0] E:\Procademy\PROCADEMEY\course1\WindowsMazeProject\WindowsMazeProject\AStar.cpp : 65
NOALLOC [0x000001C701849570] E:\Procademy\PROCADEMEY\course1\WindowsMazeProject\WindowsMazeProject\AStar.cpp : 65
NOALLOC [0x000001C7018495C0] E:\Procademy\PROCADEMEY\course1\WindowsMazeProject\WindowsMazeProject\AStar.cpp : 65
NOALLOC [0x000001C70184F0F0] E:\Procademy\PROCADEMEY\course1\WindowsMazeProject\WindowsMazeProject\AStar.cpp : 65
NOALLOC [0x000001C70184EC90] E:\Procademy\PROCADEMEY\course1\WindowsMazeProject\WindowsMazeProject\AStar.cpp : 65
NOALLOC [0x000001C70184F500] E:\Procademy\PROCADEMEY\course1\WindowsMazeProject\WindowsMazeProject\AStar.cpp : 65
NOALLOC [0x000001C701850AE0] E:\Procademy\PROCADEMEY\course1\WindowsMazeProject\WindowsMazeProject\AStar.cpp : 65
NOALLOC [0x000001C701850B30] E:\Procademy\PROCADEMEY\course1\WindowsMazeProject\WindowsMazeProject\AStar.cpp : 65
NOALLOC [0x000001C701850950] E:\Procademy\PROCADEMEY\course1\WindowsMazeProject\WindowsMazeProject\AStar.cpp : 65
NOALLOC [0x000001C701856470] E:\Procademy\PROCADEMEY\course1\WindowsMazeProject\WindowsMazeProject\AStar.cpp : 65
NOALLOC [0x000001C701856A10] E:\Procademy\PROCADEMEY\course1\WindowsMazeProject\WindowsMazeProject\AStar.cpp : 65
NOALLOC [0x000001C701854120] E:\Procademy\PROCADEMEY\course1\WindowsMazeProject\WindowsMazeProject\AStar.cpp : 65
NOALLOC [0x000001C701854530] E:\Procademy\PROCADEMEY\course1\WindowsMazeProject\WindowsMazeProject\AStar.cpp : 65
NOALLOC [0x000001C701853B80] E:\Procademy\PROCADEMEY\course1\WindowsMazeProject\WindowsMazeProject\AStar.cpp : 65
NOALLOC [0x000001C7018541C0] E:\Procademy\PROCADEMEY\course1\WindowsMazeProject\WindowsMazeProject\AStar.cpp : 65
NOALLOC [0x000001C70185ADC0] E:\Procademy\PROCADEMEY\course1\WindowsMazeProject\WindowsMazeProject\AStar.cpp : 65
NOALLOC [0x000001C70185A9B0] E:\Procademy\PROCADEMEY\course1\WindowsMazeProject\WindowsMazeProject\AStar.cpp : 65
NOALLOC [0x000001C70185AAA0] E:\Procademy\PROCADEMEY\course1\WindowsMazeProject\WindowsMazeProject\AStar.cpp : 65
NOALLOC [0x000001C70185BAE0] E:\Procademy\PROCADEMEY\course1\WindowsMazeProject\WindowsMazeProject\AStar.cpp : 65
NOALLOC [0x000001C70185AC80] E:\Procademy\PROCADEMEY\course1\WindowsMazeProject\WindowsMazeProject\AStar.cpp : 65
