NOALLOC [0x0000023FE958B5D0] E:\Procademy\PROCADEMEY\course1\WindowsMazeProject\WindowsMazeProject\AStar.cpp : 65
NOALLOC [0x0000023FE958BDA0] E:\Procademy\PROCADEMEY\course1\WindowsMazeProject\WindowsMazeProject\AStar.cpp : 65
NOALLOC [0x0000023FE958BDF0] E:\Procademy\PROCADEMEY\course1\WindowsMazeProject\WindowsMazeProject\AStar.cpp : 65
NOALLOC [0x0000023FE958E7E0] E:\Procademy\PROCADEMEY\course1\WindowsMazeProject\WindowsMazeProject\AStar.cpp : 65
NOALLOC [0x0000023FE958EDD0] E:\Procademy\PROCADEMEY\course1\WindowsMazeProject\WindowsMazeProject\AStar.cpp : 65
NOALLOC [0x0000023FE958EB50] E:\Procademy\PROCADEMEY\course1\WindowsMazeProject\WindowsMazeProject\AStar.cpp : 65
NOALLOC [0x0000023FE958F140] E:\Procademy\PROCADEMEY\course1\WindowsMazeProject\WindowsMazeProject\AStar.cpp : 65
NOALLOC [0x0000023FE958F190] E:\Procademy\PROCADEMEY\course1\WindowsMazeProject\WindowsMazeProject\AStar.cpp : 65
NOALLOC [0x0000023FE958EBA0] E:\Procademy\PROCADEMEY\course1\WindowsMazeProject\WindowsMazeProject\AStar.cpp : 65
NOALLOC [0x0000023FE9591D50] E:\Procademy\PROCADEMEY\course1\WindowsMazeProject\WindowsMazeProject\AStar.cpp : 65
NOALLOC [0x0000023FE9591CB0] E:\Procademy\PROCADEMEY\course1\WindowsMazeProject\WindowsMazeProject\AStar.cpp : 65
NOALLOC [0x0000023FE9592020] E:\Procademy\PROCADEMEY\course1\WindowsMazeProject\WindowsMazeProject\AStar.cpp : 65
NOALLOC [0x0000023FE9591170] E:\Procademy\PROCADEMEY\course1\WindowsMazeProject\WindowsMazeProject\AStar.cpp : 65
NOALLOC [0x0000023FE9590720] E:\Procademy\PROCADEMEY\course1\WindowsMazeProject\WindowsMazeProject\AStar.cpp : 65
NOALLOC [0x0000023FE9591580] E:\Procademy\PROCADEMEY\course1\WindowsMazeProject\WindowsMazeProject\AStar.cpp : 65
NOALLOC [0x0000023FE9594050] E:\Procademy\PROCADEMEY\course1\WindowsMazeProject\WindowsMazeProject\AStar.cpp : 65
NOALLOC [0x0000023FE9593B50] E:\Procademy\PROCADEMEY\course1\WindowsMazeProject\WindowsMazeProject\AStar.cpp : 65
NOALLOC [0x0000023FE9593880] E:\Procademy\PROCADEMEY\course1\WindowsMazeProject\WindowsMazeProject\AStar.cpp : 65
NOALLOC [0x0000023FE9594550] E:\Procademy\PROCADEMEY\course1\WindowsMazeProject\WindowsMazeProject\AStar.cpp : 65
NOALLOC [0x0000023FE9593A10] E:\Procademy\PROCADEMEY\course1\WindowsMazeProject\WindowsMazeProject\AStar.cpp : 65
NOALLOC [0x0000023FE95938D0] E:\Procademy\PROCADEMEY\course1\WindowsMazeProject\WindowsMazeProject\AStar.cpp : 65
NOALLOC [0x0000023FE9593830] E:\Procademy\PROCADEMEY\course1\WindowsMazeProject\WindowsMazeProject\AStar.cpp : 65
NOALLOC [0x0000023FE9595220] E:\Procademy\PROCADEMEY\course1\WindowsMazeProject\WindowsMazeProject\AStar.cpp : 65
NOALLOC [0x0000023FE9594C30] E:\Procademy\PROCADEMEY\course1\WindowsMazeProject\WindowsMazeProject\AStar.cpp : 65
NOALLOC [0x0000023FE9594D20] E:\Procademy\PROCADEMEY\course1\WindowsMazeProject\WindowsMazeProject\AStar.cpp : 65
NOALLOC [0x0000023FE9594DC0] E:\Procademy\PROCADEMEY\course1\WindowsMazeProject\WindowsMazeProject\AStar.cpp : 65
NOALLOC [0x0000023FE9598560] E:\Procademy\PROCADEMEY\course1\WindowsMazeProject\WindowsMazeProject\AStar.cpp : 65
NOALLOC [0x0000023FE9597F70] E:\Procademy\PROCADEMEY\course1\WindowsMazeProject\WindowsMazeProject\AStar.cpp : 65
NOALLOC [0x0000023FE9599910] E:\Procademy\PROCADEMEY\course1\WindowsMazeProject\WindowsMazeProject\AStar.cpp : 65
NOALLOC [0x0000023FE9598E70] E:\Procademy\PROCADEMEY\course1\WindowsMazeProject\WindowsMazeProject\AStar.cpp : 65
NOALLOC [0x0000023FE9599050] E:\Procademy\PROCADEMEY\course1\WindowsMazeProject\WindowsMazeProject\AStar.cpp : 65
NOALLOC [0x0000023FE9599550] E:\Procademy\PROCADEMEY\course1\WindowsMazeProject\WindowsMazeProject\AStar.cpp : 65
NOALLOC [0x0000023FE9599690] E:\Procademy\PROCADEMEY\course1\WindowsMazeProject\WindowsMazeProject\AStar.cpp : 65
NOALLOC [0x0000023FE9598EC0] E:\Procademy\PROCADEMEY\course1\WindowsMazeProject\WindowsMazeProject\AStar.cpp : 65
NOALLOC [0x0000023FE959E720] E:\Procademy\PROCADEMEY\course1\WindowsMazeProject\WindowsMazeProject\AStar.cpp : 65
NOALLOC [0x0000023FE959DB90] E:\Procademy\PROCADEMEY\course1\WindowsMazeProject\WindowsMazeProject\AStar.cpp : 65
NOALLOC [0x0000023FE959E770] E:\Procademy\PROCADEMEY\course1\WindowsMazeProject\WindowsMazeProject\AStar.cpp : 65
NOALLOC [0x0000023FE959EC20] E:\Procademy\PROCADEMEY\course1\WindowsMazeProject\WindowsMazeProject\AStar.cpp : 65
NOALLOC [0x0000023FE959DC80] E:\Procademy\PROCADEMEY\course1\WindowsMazeProject\WindowsMazeProject\AStar.cpp : 65
NOALLOC [0x0000023FE959EC70] E:\Procademy\PROCADEMEY\course1\WindowsMazeProject\WindowsMazeProject\AStar.cpp : 65
NOALLOC [0x0000023FE95A5170] E:\Procademy\PROCADEMEY\course1\WindowsMazeProject\WindowsMazeProject\AStar.cpp : 65
NOALLOC [0x0000023FE95A5CB0] E:\Procademy\PROCADEMEY\course1\WindowsMazeProject\WindowsMazeProject\AStar.cpp : 65
NOALLOC [0x0000023FE95A62F0] E:\Procademy\PROCADEMEY\course1\WindowsMazeProject\WindowsMazeProject\AStar.cpp : 65
NOALLOC [0x0000023FE95A5A80] E:\Procademy\PROCADEMEY\course1\WindowsMazeProject\WindowsMazeProject\AStar.cpp : 65
NOALLOC [0x0000023FE95A6200] E:\Procademy\PROCADEMEY\course1\WindowsMazeProject\WindowsMazeProject\AStar.cpp : 65
NOALLOC [0x0000023FE95A5300] E:\Procademy\PROCADEMEY\course1\WindowsMazeProject\WindowsMazeProject\AStar.cpp : 65
NOALLOC [0x0000023FE95AAC40] E:\Procademy\PROCADEMEY\course1\WindowsMazeProject\WindowsMazeProject\AStar.cpp : 65
NOALLOC [0x0000023FE95AA560] E:\Procademy\PROCADEMEY\course1\WindowsMazeProject\WindowsMazeProject\AStar.cpp : 65
NOALLOC [0x0000023FE95AAD30] E:\Procademy\PROCADEMEY\course1\WindowsMazeProject\WindowsMazeProject\AStar.cpp : 65
NOALLOC [0x0000023FE95AA9C0] E:\Procademy\PROCADEMEY\course1\WindowsMazeProject\WindowsMazeProject\AStar.cpp : 65
NOALLOC [0x0000023FE95AAE70] E:\Procademy\PROCADEMEY\course1\WindowsMazeProject\WindowsMazeProject\AStar.cpp : 65
NOALLOC [0x0000023FE95ACC20] E:\Procademy\PROCADEMEY\course1\WindowsMazeProject\WindowsMazeProject\AStar.cpp : 65
NOALLOC [0x0000023FE95AD210] E:\Procademy\PROCADEMEY\course1\WindowsMazeProject\WindowsMazeProject\AStar.cpp : 65
NOALLOC [0x0000023FE95ACB80] E:\Procademy\PROCADEMEY\course1\WindowsMazeProject\WindowsMazeProject\AStar.cpp : 65
