NOALLOC [0x000001E76BA81B50] E:\Procademy\PROCADEMEY\course1\WindowsMazeProject\WindowsMazeProject\AStar.cpp : 65
NOALLOC [0x000001E76BABB230] E:\Procademy\PROCADEMEY\course1\WindowsMazeProject\WindowsMazeProject\AStar.cpp : 65
NOALLOC [0x000001E76BABA4C0] E:\Procademy\PROCADEMEY\course1\WindowsMazeProject\WindowsMazeProject\AStar.cpp : 65
NOALLOC [0x000001E76BABAEC0] E:\Procademy\PROCADEMEY\course1\WindowsMazeProject\WindowsMazeProject\AStar.cpp : 65
NOALLOC [0x000001E76BABB1E0] E:\Procademy\PROCADEMEY\course1\WindowsMazeProject\WindowsMazeProject\AStar.cpp : 65
NOALLOC [0x000001E76BABB2D0] E:\Procademy\PROCADEMEY\course1\WindowsMazeProject\WindowsMazeProject\AStar.cpp : 65
NOALLOC [0x000001E76BABA740] E:\Procademy\PROCADEMEY\course1\WindowsMazeProject\WindowsMazeProject\AStar.cpp : 65
NOALLOC [0x000001E76BABA830] E:\Procademy\PROCADEMEY\course1\WindowsMazeProject\WindowsMazeProject\AStar.cpp : 65
NOALLOC [0x000001E76BABCA30] E:\Procademy\PROCADEMEY\course1\WindowsMazeProject\WindowsMazeProject\AStar.cpp : 65
NOALLOC [0x000001E76BABCD00] E:\Procademy\PROCADEMEY\course1\WindowsMazeProject\WindowsMazeProject\AStar.cpp : 65
NOALLOC [0x000001E76BABCEE0] E:\Procademy\PROCADEMEY\course1\WindowsMazeProject\WindowsMazeProject\AStar.cpp : 65
NOALLOC [0x000001E76BABCFD0] E:\Procademy\PROCADEMEY\course1\WindowsMazeProject\WindowsMazeProject\AStar.cpp : 65
NOALLOC [0x000001E76BABD0C0] E:\Procademy\PROCADEMEY\course1\WindowsMazeProject\WindowsMazeProject\AStar.cpp : 65
NOALLOC [0x000001E76BABC850] E:\Procademy\PROCADEMEY\course1\WindowsMazeProject\WindowsMazeProject\AStar.cpp : 65
NOALLOC [0x000001E76BABD250] E:\Procademy\PROCADEMEY\course1\WindowsMazeProject\WindowsMazeProject\AStar.cpp : 65
NOALLOC [0x000001E76BABE210] E:\Procademy\PROCADEMEY\course1\WindowsMazeProject\WindowsMazeProject\AStar.cpp : 65
NOALLOC [0x000001E76BABE580] E:\Procademy\PROCADEMEY\course1\WindowsMazeProject\WindowsMazeProject\AStar.cpp : 65
NOALLOC [0x000001E76BABEB20] E:\Procademy\PROCADEMEY\course1\WindowsMazeProject\WindowsMazeProject\AStar.cpp : 65
NOALLOC [0x000001E76BAC0C80] E:\Procademy\PROCADEMEY\course1\WindowsMazeProject\WindowsMazeProject\AStar.cpp : 65
NOALLOC [0x000001E76BAC0370] E:\Procademy\PROCADEMEY\course1\WindowsMazeProject\WindowsMazeProject\AStar.cpp : 65
NOALLOC [0x000001E76BAC0410] E:\Procademy\PROCADEMEY\course1\WindowsMazeProject\WindowsMazeProject\AStar.cpp : 65
NOALLOC [0x000001E76BAC0DC0] E:\Procademy\PROCADEMEY\course1\WindowsMazeProject\WindowsMazeProject\AStar.cpp : 65
NOALLOC [0x000001E76BAC04B0] E:\Procademy\PROCADEMEY\course1\WindowsMazeProject\WindowsMazeProject\AStar.cpp : 65
NOALLOC [0x000001E76BAC1180] E:\Procademy\PROCADEMEY\course1\WindowsMazeProject\WindowsMazeProject\AStar.cpp : 65
NOALLOC [0x000001E76BAC41F0] E:\Procademy\PROCADEMEY\course1\WindowsMazeProject\WindowsMazeProject\AStar.cpp : 65
NOALLOC [0x000001E76BAC4060] E:\Procademy\PROCADEMEY\course1\WindowsMazeProject\WindowsMazeProject\AStar.cpp : 65
NOALLOC [0x000001E76BAC3AC0] E:\Procademy\PROCADEMEY\course1\WindowsMazeProject\WindowsMazeProject\AStar.cpp : 65
NOALLOC [0x000001E76BAC47E0] E:\Procademy\PROCADEMEY\course1\WindowsMazeProject\WindowsMazeProject\AStar.cpp : 65
NOALLOC [0x000001E76BAC4F60] E:\Procademy\PROCADEMEY\course1\WindowsMazeProject\WindowsMazeProject\AStar.cpp : 65
NOALLOC [0x000001E76BAC4600] E:\Procademy\PROCADEMEY\course1\WindowsMazeProject\WindowsMazeProject\AStar.cpp : 65
NOALLOC [0x000001E76BAC6450] E:\Procademy\PROCADEMEY\course1\WindowsMazeProject\WindowsMazeProject\AStar.cpp : 65
NOALLOC [0x000001E76BAC7210] E:\Procademy\PROCADEMEY\course1\WindowsMazeProject\WindowsMazeProject\AStar.cpp : 65
NOALLOC [0x000001E76BAC6F40] E:\Procademy\PROCADEMEY\course1\WindowsMazeProject\WindowsMazeProject\AStar.cpp : 65
NOALLOC [0x000001E76BACA4C0] E:\Procademy\PROCADEMEY\course1\WindowsMazeProject\WindowsMazeProject\AStar.cpp : 65
NOALLOC [0x000001E76BACB2D0] E:\Procademy\PROCADEMEY\course1\WindowsMazeProject\WindowsMazeProject\AStar.cpp : 65
NOALLOC [0x000001E76BACA830] E:\Procademy\PROCADEMEY\course1\WindowsMazeProject\WindowsMazeProject\AStar.cpp : 65
NOALLOC [0x000001E76BACE350] E:\Procademy\PROCADEMEY\course1\WindowsMazeProject\WindowsMazeProject\AStar.cpp : 65
NOALLOC [0x000001E76BACF200] E:\Procademy\PROCADEMEY\course1\WindowsMazeProject\WindowsMazeProject\AStar.cpp : 65
NOALLOC [0x000001E76BAD0380] E:\Procademy\PROCADEMEY\course1\WindowsMazeProject\WindowsMazeProject\AStar.cpp : 65
NOALLOC [0x000001E76BAD0830] E:\Procademy\PROCADEMEY\course1\WindowsMazeProject\WindowsMazeProject\AStar.cpp : 65
NOALLOC [0x000001E76BACF700] E:\Procademy\PROCADEMEY\course1\WindowsMazeProject\WindowsMazeProject\AStar.cpp : 65
NOALLOC [0x000001E76BAD0970] E:\Procademy\PROCADEMEY\course1\WindowsMazeProject\WindowsMazeProject\AStar.cpp : 65
NOALLOC [0x000001E76BAD0B50] E:\Procademy\PROCADEMEY\course1\WindowsMazeProject\WindowsMazeProject\AStar.cpp : 65
NOALLOC [0x000001E76BAD1910] E:\Procademy\PROCADEMEY\course1\WindowsMazeProject\WindowsMazeProject\AStar.cpp : 65
