NOALLOC [0x00000165A4E3B7C0] E:\Procademy\PROCADEMEY\course1\WindowsMazeProject\WindowsMazeProject\AStar.cpp : 65
NOALLOC [0x00000165A4E3BB30] E:\Procademy\PROCADEMEY\course1\WindowsMazeProject\WindowsMazeProject\AStar.cpp : 65
NOALLOC [0x00000165A4E3D920] E:\Procademy\PROCADEMEY\course1\WindowsMazeProject\WindowsMazeProject\AStar.cpp : 65
NOALLOC [0x00000165A4E3D060] E:\Procademy\PROCADEMEY\course1\WindowsMazeProject\WindowsMazeProject\AStar.cpp : 65
NOALLOC [0x00000165A4E3E160] E:\Procademy\PROCADEMEY\course1\WindowsMazeProject\WindowsMazeProject\AStar.cpp : 65
NOALLOC [0x00000165A4E3E2F0] E:\Procademy\PROCADEMEY\course1\WindowsMazeProject\WindowsMazeProject\AStar.cpp : 65
NOALLOC [0x00000165A4E3E980] E:\Procademy\PROCADEMEY\course1\WindowsMazeProject\WindowsMazeProject\AStar.cpp : 65
NOALLOC [0x00000165A4E3EA20] E:\Procademy\PROCADEMEY\course1\WindowsMazeProject\WindowsMazeProject\AStar.cpp : 65
NOALLOC [0x00000165A4E3EB10] E:\Procademy\PROCADEMEY\course1\WindowsMazeProject\WindowsMazeProject\AStar.cpp : 65
NOALLOC [0x00000165A4E3EA70] E:\Procademy\PROCADEMEY\course1\WindowsMazeProject\WindowsMazeProject\AStar.cpp : 65
NOALLOC [0x00000165A4E3E430] E:\Procademy\PROCADEMEY\course1\WindowsMazeProject\WindowsMazeProject\AStar.cpp : 65
NOALLOC [0x00000165A4E41450] E:\Procademy\PROCADEMEY\course1\WindowsMazeProject\WindowsMazeProject\AStar.cpp : 65
NOALLOC [0x00000165A4E41A40] E:\Procademy\PROCADEMEY\course1\WindowsMazeProject\WindowsMazeProject\AStar.cpp : 65
NOALLOC [0x00000165A4E40D70] E:\Procademy\PROCADEMEY\course1\WindowsMazeProject\WindowsMazeProject\AStar.cpp : 65
NOALLOC [0x00000165A4E40F50] E:\Procademy\PROCADEMEY\course1\WindowsMazeProject\WindowsMazeProject\AStar.cpp : 65
NOALLOC [0x00000165A4E409B0] E:\Procademy\PROCADEMEY\course1\WindowsMazeProject\WindowsMazeProject\AStar.cpp : 65
NOALLOC [0x00000165A4E40C80] E:\Procademy\PROCADEMEY\course1\WindowsMazeProject\WindowsMazeProject\AStar.cpp : 65
NOALLOC [0x00000165A4E40960] E:\Procademy\PROCADEMEY\course1\WindowsMazeProject\WindowsMazeProject\AStar.cpp : 65
NOALLOC [0x00000165A4E40690] E:\Procademy\PROCADEMEY\course1\WindowsMazeProject\WindowsMazeProject\AStar.cpp : 65
NOALLOC [0x00000165A4E43930] E:\Procademy\PROCADEMEY\course1\WindowsMazeProject\WindowsMazeProject\AStar.cpp : 65
NOALLOC [0x00000165A4E433E0] E:\Procademy\PROCADEMEY\course1\WindowsMazeProject\WindowsMazeProject\AStar.cpp : 65
NOALLOC [0x00000165A4E43C50] E:\Procademy\PROCADEMEY\course1\WindowsMazeProject\WindowsMazeProject\AStar.cpp : 65
NOALLOC [0x00000165A4E43340] E:\Procademy\PROCADEMEY\course1\WindowsMazeProject\WindowsMazeProject\AStar.cpp : 65
NOALLOC [0x00000165A4E44330] E:\Procademy\PROCADEMEY\course1\WindowsMazeProject\WindowsMazeProject\AStar.cpp : 65
NOALLOC [0x00000165A4E43390] E:\Procademy\PROCADEMEY\course1\WindowsMazeProject\WindowsMazeProject\AStar.cpp : 65
NOALLOC [0x00000165A4E44F10] E:\Procademy\PROCADEMEY\course1\WindowsMazeProject\WindowsMazeProject\AStar.cpp : 65
NOALLOC [0x00000165A4E44880] E:\Procademy\PROCADEMEY\course1\WindowsMazeProject\WindowsMazeProject\AStar.cpp : 65
NOALLOC [0x00000165A4E447E0] E:\Procademy\PROCADEMEY\course1\WindowsMazeProject\WindowsMazeProject\AStar.cpp : 65
NOALLOC [0x00000165A4E47F30] E:\Procademy\PROCADEMEY\course1\WindowsMazeProject\WindowsMazeProject\AStar.cpp : 65
NOALLOC [0x00000165A4E483E0] E:\Procademy\PROCADEMEY\course1\WindowsMazeProject\WindowsMazeProject\AStar.cpp : 65
NOALLOC [0x00000165A4E478A0] E:\Procademy\PROCADEMEY\course1\WindowsMazeProject\WindowsMazeProject\AStar.cpp : 65
NOALLOC [0x00000165A4E47990] E:\Procademy\PROCADEMEY\course1\WindowsMazeProject\WindowsMazeProject\AStar.cpp : 65
NOALLOC [0x00000165A4E47BC0] E:\Procademy\PROCADEMEY\course1\WindowsMazeProject\WindowsMazeProject\AStar.cpp : 65
NOALLOC [0x00000165A4E4A0D0] E:\Procademy\PROCADEMEY\course1\WindowsMazeProject\WindowsMazeProject\AStar.cpp : 65
NOALLOC [0x00000165A4E4A670] E:\Procademy\PROCADEMEY\course1\WindowsMazeProject\WindowsMazeProject\AStar.cpp : 65
NOALLOC [0x00000165A4E49A90] E:\Procademy\PROCADEMEY\course1\WindowsMazeProject\WindowsMazeProject\AStar.cpp : 65
LEAK [0x00000165A4E12210] [00000040] E:\Procademy\PROCADEMEY\course1\WindowsMazeProject\WindowsMazeProject\AStar.cpp : 56
LEAK [0x00000165A4E12240] [00000040] E:\Procademy\PROCADEMEY\course1\WindowsMazeProject\WindowsMazeProject\AStar.cpp : 56
LEAK [0x00000165A4E285B0] [00000040] E:\Procademy\PROCADEMEY\course1\WindowsMazeProject\WindowsMazeProject\AStar.cpp : 56
LEAK [0x00000165A4E28640] [00000040] E:\Procademy\PROCADEMEY\course1\WindowsMazeProject\WindowsMazeProject\AStar.cpp : 56
LEAK [0x00000165A4E28790] [00000040] E:\Procademy\PROCADEMEY\course1\WindowsMazeProject\WindowsMazeProject\AStar.cpp : 56
LEAK [0x00000165A4E287F0] [00000040] E:\Procademy\PROCADEMEY\course1\WindowsMazeProject\WindowsMazeProject\AStar.cpp : 56
LEAK [0x00000165A4E289D0] [00000040] E:\Procademy\PROCADEMEY\course1\WindowsMazeProject\WindowsMazeProject\AStar.cpp : 56
LEAK [0x00000165A4E39F40] [00000040] E:\Procademy\PROCADEMEY\course1\WindowsMazeProject\WindowsMazeProject\AStar.cpp : 56
LEAK [0x00000165A4E39FA0] [00000040] E:\Procademy\PROCADEMEY\course1\WindowsMazeProject\WindowsMazeProject\AStar.cpp : 56
LEAK [0x00000165A4E3A000] [00000040] E:\Procademy\PROCADEMEY\course1\WindowsMazeProject\WindowsMazeProject\AStar.cpp : 56
LEAK [0x00000165A4E3A030] [00000040] E:\Procademy\PROCADEMEY\course1\WindowsMazeProject\WindowsMazeProject\AStar.cpp : 56
LEAK [0x00000165A4E3A060] [00000040] E:\Procademy\PROCADEMEY\course1\WindowsMazeProject\WindowsMazeProject\AStar.cpp : 56
LEAK [0x00000165A4E3A0C0] [00000040] E:\Procademy\PROCADEMEY\course1\WindowsMazeProject\WindowsMazeProject\AStar.cpp : 56
LEAK [0x00000165A4E3A0F0] [00000040] E:\Procademy\PROCADEMEY\course1\WindowsMazeProject\WindowsMazeProject\AStar.cpp : 56
LEAK [0x00000165A4E3A120] [00000040] E:\Procademy\PROCADEMEY\course1\WindowsMazeProject\WindowsMazeProject\AStar.cpp : 56
LEAK [0x00000165A4E3A150] [00000040] E:\Procademy\PROCADEMEY\course1\WindowsMazeProject\WindowsMazeProject\AStar.cpp : 56
LEAK [0x00000165A4E3A180] [00000040] E:\Procademy\PROCADEMEY\course1\WindowsMazeProject\WindowsMazeProject\AStar.cpp : 56
LEAK [0x00000165A4E3A1B0] [00000040] E:\Procademy\PROCADEMEY\course1\WindowsMazeProject\WindowsMazeProject\AStar.cpp : 56
LEAK [0x00000165A4E3A1E0] [00000040] E:\Procademy\PROCADEMEY\course1\WindowsMazeProject\WindowsMazeProject\AStar.cpp : 56
LEAK [0x00000165A4E3A240] [00000040] E:\Procademy\PROCADEMEY\course1\WindowsMazeProject\WindowsMazeProject\AStar.cpp : 56
LEAK [0x00000165A4E3A270] [00000040] E:\Procademy\PROCADEMEY\course1\WindowsMazeProject\WindowsMazeProject\AStar.cpp : 56
LEAK [0x00000165A4E3A2A0] [00000040] E:\Procademy\PROCADEMEY\course1\WindowsMazeProject\WindowsMazeProject\AStar.cpp : 56
LEAK [0x00000165A4E3A2D0] [00000040] E:\Procademy\PROCADEMEY\course1\WindowsMazeProject\WindowsMazeProject\AStar.cpp : 56
LEAK [0x00000165A4E3A300] [00000040] E:\Procademy\PROCADEMEY\course1\WindowsMazeProject\WindowsMazeProject\AStar.cpp : 56
LEAK [0x00000165A4E3A360] [00000040] E:\Procademy\PROCADEMEY\course1\WindowsMazeProject\WindowsMazeProject\AStar.cpp : 56
LEAK [0x00000165A4E3A390] [00000040] E:\Procademy\PROCADEMEY\course1\WindowsMazeProject\WindowsMazeProject\AStar.cpp : 56
LEAK [0x00000165A4E3A3C0] [00000040] E:\Procademy\PROCADEMEY\course1\WindowsMazeProject\WindowsMazeProject\AStar.cpp : 56
LEAK [0x00000165A4E3A420] [00000040] E:\Procademy\PROCADEMEY\course1\WindowsMazeProject\WindowsMazeProject\AStar.cpp : 56
LEAK [0x00000165A4E3A480] [00000040] E:\Procademy\PROCADEMEY\course1\WindowsMazeProject\WindowsMazeProject\AStar.cpp : 56
LEAK [0x00000165A4E3A4B0] [00000040] E:\Procademy\PROCADEMEY\course1\WindowsMazeProject\WindowsMazeProject\AStar.cpp : 56
LEAK [0x00000165A4E3A510] [00000040] E:\Procademy\PROCADEMEY\course1\WindowsMazeProject\WindowsMazeProject\AStar.cpp : 56
LEAK [0x00000165A4E3A540] [00000040] E:\Procademy\PROCADEMEY\course1\WindowsMazeProject\WindowsMazeProject\AStar.cpp : 56
LEAK [0x00000165A4E3A570] [00000040] E:\Procademy\PROCADEMEY\course1\WindowsMazeProject\WindowsMazeProject\AStar.cpp : 56
LEAK [0x00000165A4E3A5D0] [00000040] E:\Procademy\PROCADEMEY\course1\WindowsMazeProject\WindowsMazeProject\AStar.cpp : 56
LEAK [0x00000165A4E3A600] [00000040] E:\Procademy\PROCADEMEY\course1\WindowsMazeProject\WindowsMazeProject\AStar.cpp : 56
LEAK [0x00000165A4E3A630] [00000040] E:\Procademy\PROCADEMEY\course1\WindowsMazeProject\WindowsMazeProject\AStar.cpp : 56
LEAK [0x00000165A4E3A660] [00000040] E:\Procademy\PROCADEMEY\course1\WindowsMazeProject\WindowsMazeProject\AStar.cpp : 56
LEAK [0x00000165A4E3A6F0] [00000040] E:\Procademy\PROCADEMEY\course1\WindowsMazeProject\WindowsMazeProject\AStar.cpp : 56
LEAK [0x00000165A4E3A720] [00000040] E:\Procademy\PROCADEMEY\course1\WindowsMazeProject\WindowsMazeProject\AStar.cpp : 56
LEAK [0x00000165A4E3A750] [00000040] E:\Procademy\PROCADEMEY\course1\WindowsMazeProject\WindowsMazeProject\AStar.cpp : 56
LEAK [0x00000165A4E3A780] [00000040] E:\Procademy\PROCADEMEY\course1\WindowsMazeProject\WindowsMazeProject\AStar.cpp : 56
LEAK [0x00000165A4E3A7B0] [00000040] E:\Procademy\PROCADEMEY\course1\WindowsMazeProject\WindowsMazeProject\AStar.cpp : 56
LEAK [0x00000165A4E3A840] [00000040] E:\Procademy\PROCADEMEY\course1\WindowsMazeProject\WindowsMazeProject\AStar.cpp : 56
LEAK [0x00000165A4E3A870] [00000040] E:\Procademy\PROCADEMEY\course1\WindowsMazeProject\WindowsMazeProject\AStar.cpp : 56
LEAK [0x00000165A4E3A8A0] [00000040] E:\Procademy\PROCADEMEY\course1\WindowsMazeProject\WindowsMazeProject\AStar.cpp : 56
LEAK [0x00000165A4E3A8D0] [00000040] E:\Procademy\PROCADEMEY\course1\WindowsMazeProject\WindowsMazeProject\AStar.cpp : 56
LEAK [0x00000165A4E3A900] [00000040] E:\Procademy\PROCADEMEY\course1\WindowsMazeProject\WindowsMazeProject\AStar.cpp : 56
LEAK [0x00000165A4E3A930] [00000040] E:\Procademy\PROCADEMEY\course1\WindowsMazeProject\WindowsMazeProject\AStar.cpp : 56
LEAK [0x00000165A4E3A960] [00000040] E:\Procademy\PROCADEMEY\course1\WindowsMazeProject\WindowsMazeProject\AStar.cpp : 56
LEAK [0x00000165A4E3A990] [00000040] E:\Procademy\PROCADEMEY\course1\WindowsMazeProject\WindowsMazeProject\AStar.cpp : 56
LEAK [0x00000165A4E3A9C0] [00000040] E:\Procademy\PROCADEMEY\course1\WindowsMazeProject\WindowsMazeProject\AStar.cpp : 56
LEAK [0x00000165A4E3A9F0] [00000040] E:\Procademy\PROCADEMEY\course1\WindowsMazeProject\WindowsMazeProject\AStar.cpp : 56
LEAK [0x00000165A4E3AA20] [00000040] E:\Procademy\PROCADEMEY\course1\WindowsMazeProject\WindowsMazeProject\AStar.cpp : 56
LEAK [0x00000165A4E3AA50] [00000040] E:\Procademy\PROCADEMEY\course1\WindowsMazeProject\WindowsMazeProject\AStar.cpp : 56
LEAK [0x00000165A4E3AA80] [00000040] E:\Procademy\PROCADEMEY\course1\WindowsMazeProject\WindowsMazeProject\AStar.cpp : 56
LEAK [0x00000165A4E3AAB0] [00000040] E:\Procademy\PROCADEMEY\course1\WindowsMazeProject\WindowsMazeProject\AStar.cpp : 56
LEAK [0x00000165A4E3AAE0] [00000040] E:\Procademy\PROCADEMEY\course1\WindowsMazeProject\WindowsMazeProject\AStar.cpp : 56
LEAK [0x00000165A4E3AB10] [00000040] E:\Procademy\PROCADEMEY\course1\WindowsMazeProject\WindowsMazeProject\AStar.cpp : 56
LEAK [0x00000165A4E3AB40] [00000040] E:\Procademy\PROCADEMEY\course1\WindowsMazeProject\WindowsMazeProject\AStar.cpp : 56
LEAK [0x00000165A4E3AB70] [00000040] E:\Procademy\PROCADEMEY\course1\WindowsMazeProject\WindowsMazeProject\AStar.cpp : 56
LEAK [0x00000165A4E3ABA0] [00000040] E:\Procademy\PROCADEMEY\course1\WindowsMazeProject\WindowsMazeProject\AStar.cpp : 56
LEAK [0x00000165A4E3ABD0] [00000040] E:\Procademy\PROCADEMEY\course1\WindowsMazeProject\WindowsMazeProject\AStar.cpp : 56
LEAK [0x00000165A4E3AC00] [00000040] E:\Procademy\PROCADEMEY\course1\WindowsMazeProject\WindowsMazeProject\AStar.cpp : 56
LEAK [0x00000165A4E3AC30] [00000040] E:\Procademy\PROCADEMEY\course1\WindowsMazeProject\WindowsMazeProject\AStar.cpp : 56
LEAK [0x00000165A4E3AC60] [00000040] E:\Procademy\PROCADEMEY\course1\WindowsMazeProject\WindowsMazeProject\AStar.cpp : 56
LEAK [0x00000165A4E3AC90] [00000040] E:\Procademy\PROCADEMEY\course1\WindowsMazeProject\WindowsMazeProject\AStar.cpp : 56
LEAK [0x00000165A4E3ACC0] [00000040] E:\Procademy\PROCADEMEY\course1\WindowsMazeProject\WindowsMazeProject\AStar.cpp : 56
LEAK [0x00000165A4E3ACF0] [00000040] E:\Procademy\PROCADEMEY\course1\WindowsMazeProject\WindowsMazeProject\AStar.cpp : 56
LEAK [0x00000165A4E3AD20] [00000040] E:\Procademy\PROCADEMEY\course1\WindowsMazeProject\WindowsMazeProject\AStar.cpp : 56
LEAK [0x00000165A4E3AD50] [00000040] E:\Procademy\PROCADEMEY\course1\WindowsMazeProject\WindowsMazeProject\AStar.cpp : 56
LEAK [0x00000165A4E3AD80] [00000040] E:\Procademy\PROCADEMEY\course1\WindowsMazeProject\WindowsMazeProject\AStar.cpp : 56
LEAK [0x00000165A4E3ADB0] [00000040] E:\Procademy\PROCADEMEY\course1\WindowsMazeProject\WindowsMazeProject\AStar.cpp : 56
LEAK [0x00000165A4E3ADE0] [00000040] E:\Procademy\PROCADEMEY\course1\WindowsMazeProject\WindowsMazeProject\AStar.cpp : 56
LEAK [0x00000165A4E3AE10] [00000040] E:\Procademy\PROCADEMEY\course1\WindowsMazeProject\WindowsMazeProject\AStar.cpp : 56
LEAK [0x00000165A4E3AE40] [00000040] E:\Procademy\PROCADEMEY\course1\WindowsMazeProject\WindowsMazeProject\AStar.cpp : 56
LEAK [0x00000165A4E3AE70] [00000040] E:\Procademy\PROCADEMEY\course1\WindowsMazeProject\WindowsMazeProject\AStar.cpp : 56
LEAK [0x00000165A4E3AEA0] [00000040] E:\Procademy\PROCADEMEY\course1\WindowsMazeProject\WindowsMazeProject\AStar.cpp : 56
LEAK [0x00000165A4E3BF60] [00000040] E:\Procademy\PROCADEMEY\course1\WindowsMazeProject\WindowsMazeProject\AStar.cpp : 56
LEAK [0x00000165A4E3BF90] [00000040] E:\Procademy\PROCADEMEY\course1\WindowsMazeProject\WindowsMazeProject\AStar.cpp : 56
LEAK [0x00000165A4E3BFC0] [00000040] E:\Procademy\PROCADEMEY\course1\WindowsMazeProject\WindowsMazeProject\AStar.cpp : 56
LEAK [0x00000165A4E3BFF0] [00000040] E:\Procademy\PROCADEMEY\course1\WindowsMazeProject\WindowsMazeProject\AStar.cpp : 56
LEAK [0x00000165A4E3C020] [00000040] E:\Procademy\PROCADEMEY\course1\WindowsMazeProject\WindowsMazeProject\AStar.cpp : 56
LEAK [0x00000165A4E3C050] [00000040] E:\Procademy\PROCADEMEY\course1\WindowsMazeProject\WindowsMazeProject\AStar.cpp : 56
LEAK [0x00000165A4E3C080] [00000040] E:\Procademy\PROCADEMEY\course1\WindowsMazeProject\WindowsMazeProject\AStar.cpp : 56
LEAK [0x00000165A4E3C0B0] [00000040] E:\Procademy\PROCADEMEY\course1\WindowsMazeProject\WindowsMazeProject\AStar.cpp : 56
LEAK [0x00000165A4E3C0E0] [00000040] E:\Procademy\PROCADEMEY\course1\WindowsMazeProject\WindowsMazeProject\AStar.cpp : 56
LEAK [0x00000165A4E3C110] [00000040] E:\Procademy\PROCADEMEY\course1\WindowsMazeProject\WindowsMazeProject\AStar.cpp : 56
LEAK [0x00000165A4E3C140] [00000040] E:\Procademy\PROCADEMEY\course1\WindowsMazeProject\WindowsMazeProject\AStar.cpp : 56
LEAK [0x00000165A4E3C170] [00000040] E:\Procademy\PROCADEMEY\course1\WindowsMazeProject\WindowsMazeProject\AStar.cpp : 56
LEAK [0x00000165A4E3C1A0] [00000040] E:\Procademy\PROCADEMEY\course1\WindowsMazeProject\WindowsMazeProject\AStar.cpp : 56
LEAK [0x00000165A4E3C1D0] [00000040] E:\Procademy\PROCADEMEY\course1\WindowsMazeProject\WindowsMazeProject\AStar.cpp : 56
LEAK [0x00000165A4E3C200] [00000040] E:\Procademy\PROCADEMEY\course1\WindowsMazeProject\WindowsMazeProject\AStar.cpp : 56
LEAK [0x00000165A4E3C230] [00000040] E:\Procademy\PROCADEMEY\course1\WindowsMazeProject\WindowsMazeProject\AStar.cpp : 56
LEAK [0x00000165A4E3C260] [00000040] E:\Procademy\PROCADEMEY\course1\WindowsMazeProject\WindowsMazeProject\AStar.cpp : 56
LEAK [0x00000165A4E3C290] [00000040] E:\Procademy\PROCADEMEY\course1\WindowsMazeProject\WindowsMazeProject\AStar.cpp : 56
LEAK [0x00000165A4E3C2C0] [00000040] E:\Procademy\PROCADEMEY\course1\WindowsMazeProject\WindowsMazeProject\AStar.cpp : 56
LEAK [0x00000165A4E3C2F0] [00000040] E:\Procademy\PROCADEMEY\course1\WindowsMazeProject\WindowsMazeProject\AStar.cpp : 56
LEAK [0x00000165A4E3C320] [00000040] E:\Procademy\PROCADEMEY\course1\WindowsMazeProject\WindowsMazeProject\AStar.cpp : 56
LEAK [0x00000165A4E3C350] [00000040] E:\Procademy\PROCADEMEY\course1\WindowsMazeProject\WindowsMazeProject\AStar.cpp : 56
LEAK [0x00000165A4E3C380] [00000040] E:\Procademy\PROCADEMEY\course1\WindowsMazeProject\WindowsMazeProject\AStar.cpp : 56
LEAK [0x00000165A4E3C3B0] [00000040] E:\Procademy\PROCADEMEY\course1\WindowsMazeProject\WindowsMazeProject\AStar.cpp : 56
LEAK [0x00000165A4E3C3E0] [00000040] E:\Procademy\PROCADEMEY\course1\WindowsMazeProject\WindowsMazeProject\AStar.cpp : 56
LEAK [0x00000165A4E3C410] [00000040] E:\Procademy\PROCADEMEY\course1\WindowsMazeProject\WindowsMazeProject\AStar.cpp : 56
LEAK [0x00000165A4E3C440] [00000040] E:\Procademy\PROCADEMEY\course1\WindowsMazeProject\WindowsMazeProject\AStar.cpp : 56
LEAK [0x00000165A4E3C470] [00000040] E:\Procademy\PROCADEMEY\course1\WindowsMazeProject\WindowsMazeProject\AStar.cpp : 56
LEAK [0x00000165A4E3C4A0] [00000040] E:\Procademy\PROCADEMEY\course1\WindowsMazeProject\WindowsMazeProject\AStar.cpp : 56
LEAK [0x00000165A4E3C4D0] [00000040] E:\Procademy\PROCADEMEY\course1\WindowsMazeProject\WindowsMazeProject\AStar.cpp : 56
LEAK [0x00000165A4E3C500] [00000040] E:\Procademy\PROCADEMEY\course1\WindowsMazeProject\WindowsMazeProject\AStar.cpp : 56
LEAK [0x00000165A4E3C530] [00000040] E:\Procademy\PROCADEMEY\course1\WindowsMazeProject\WindowsMazeProject\AStar.cpp : 56
LEAK [0x00000165A4E3C560] [00000040] E:\Procademy\PROCADEMEY\course1\WindowsMazeProject\WindowsMazeProject\AStar.cpp : 56
LEAK [0x00000165A4E3C590] [00000040] E:\Procademy\PROCADEMEY\course1\WindowsMazeProject\WindowsMazeProject\AStar.cpp : 56
LEAK [0x00000165A4E3C5C0] [00000040] E:\Procademy\PROCADEMEY\course1\WindowsMazeProject\WindowsMazeProject\AStar.cpp : 56
LEAK [0x00000165A4E3C5F0] [00000040] E:\Procademy\PROCADEMEY\course1\WindowsMazeProject\WindowsMazeProject\AStar.cpp : 56
LEAK [0x00000165A4E3C620] [00000040] E:\Procademy\PROCADEMEY\course1\WindowsMazeProject\WindowsMazeProject\AStar.cpp : 56
LEAK [0x00000165A4E3C650] [00000040] E:\Procademy\PROCADEMEY\course1\WindowsMazeProject\WindowsMazeProject\AStar.cpp : 56
LEAK [0x00000165A4E3C680] [00000040] E:\Procademy\PROCADEMEY\course1\WindowsMazeProject\WindowsMazeProject\AStar.cpp : 56
LEAK [0x00000165A4E3C6B0] [00000040] E:\Procademy\PROCADEMEY\course1\WindowsMazeProject\WindowsMazeProject\AStar.cpp : 56
LEAK [0x00000165A4E3C6E0] [00000040] E:\Procademy\PROCADEMEY\course1\WindowsMazeProject\WindowsMazeProject\AStar.cpp : 56
LEAK [0x00000165A4E3C710] [00000040] E:\Procademy\PROCADEMEY\course1\WindowsMazeProject\WindowsMazeProject\AStar.cpp : 56
LEAK [0x00000165A4E3C740] [00000040] E:\Procademy\PROCADEMEY\course1\WindowsMazeProject\WindowsMazeProject\AStar.cpp : 56
LEAK [0x00000165A4E3C770] [00000040] E:\Procademy\PROCADEMEY\course1\WindowsMazeProject\WindowsMazeProject\AStar.cpp : 56
LEAK [0x00000165A4E3C7A0] [00000040] E:\Procademy\PROCADEMEY\course1\WindowsMazeProject\WindowsMazeProject\AStar.cpp : 56
LEAK [0x00000165A4E3C7D0] [00000040] E:\Procademy\PROCADEMEY\course1\WindowsMazeProject\WindowsMazeProject\AStar.cpp : 56
LEAK [0x00000165A4E3C800] [00000040] E:\Procademy\PROCADEMEY\course1\WindowsMazeProject\WindowsMazeProject\AStar.cpp : 56
LEAK [0x00000165A4E3C860] [00000040] E:\Procademy\PROCADEMEY\course1\WindowsMazeProject\WindowsMazeProject\AStar.cpp : 56
LEAK [0x00000165A4E3C8C0] [00000040] E:\Procademy\PROCADEMEY\course1\WindowsMazeProject\WindowsMazeProject\AStar.cpp : 56
LEAK [0x00000165A4E3C8F0] [00000040] E:\Procademy\PROCADEMEY\course1\WindowsMazeProject\WindowsMazeProject\AStar.cpp : 56
LEAK [0x00000165A4E3C920] [00000040] E:\Procademy\PROCADEMEY\course1\WindowsMazeProject\WindowsMazeProject\AStar.cpp : 56
LEAK [0x00000165A4E3C950] [00000040] E:\Procademy\PROCADEMEY\course1\WindowsMazeProject\WindowsMazeProject\AStar.cpp : 56
LEAK [0x00000165A4E3C980] [00000040] E:\Procademy\PROCADEMEY\course1\WindowsMazeProject\WindowsMazeProject\AStar.cpp : 56
LEAK [0x00000165A4E3C9B0] [00000040] E:\Procademy\PROCADEMEY\course1\WindowsMazeProject\WindowsMazeProject\AStar.cpp : 56
LEAK [0x00000165A4E3C9E0] [00000040] E:\Procademy\PROCADEMEY\course1\WindowsMazeProject\WindowsMazeProject\AStar.cpp : 56
LEAK [0x00000165A4E3CA10] [00000040] E:\Procademy\PROCADEMEY\course1\WindowsMazeProject\WindowsMazeProject\AStar.cpp : 56
LEAK [0x00000165A4E3CA40] [00000040] E:\Procademy\PROCADEMEY\course1\WindowsMazeProject\WindowsMazeProject\AStar.cpp : 56
LEAK [0x00000165A4E3CA70] [00000040] E:\Procademy\PROCADEMEY\course1\WindowsMazeProject\WindowsMazeProject\AStar.cpp : 56
LEAK [0x00000165A4E3CAA0] [00000040] E:\Procademy\PROCADEMEY\course1\WindowsMazeProject\WindowsMazeProject\AStar.cpp : 56
LEAK [0x00000165A4E3CAD0] [00000040] E:\Procademy\PROCADEMEY\course1\WindowsMazeProject\WindowsMazeProject\AStar.cpp : 56
LEAK [0x00000165A4E3CB00] [00000040] E:\Procademy\PROCADEMEY\course1\WindowsMazeProject\WindowsMazeProject\AStar.cpp : 56
LEAK [0x00000165A4E3CB30] [00000040] E:\Procademy\PROCADEMEY\course1\WindowsMazeProject\WindowsMazeProject\AStar.cpp : 56
LEAK [0x00000165A4E3CB60] [00000040] E:\Procademy\PROCADEMEY\course1\WindowsMazeProject\WindowsMazeProject\AStar.cpp : 56
LEAK [0x00000165A4E3CB90] [00000040] E:\Procademy\PROCADEMEY\course1\WindowsMazeProject\WindowsMazeProject\AStar.cpp : 56
LEAK [0x00000165A4E3CBC0] [00000040] E:\Procademy\PROCADEMEY\course1\WindowsMazeProject\WindowsMazeProject\AStar.cpp : 56
LEAK [0x00000165A4E3CBF0] [00000040] E:\Procademy\PROCADEMEY\course1\WindowsMazeProject\WindowsMazeProject\AStar.cpp : 56
LEAK [0x00000165A4E3CC50] [00000040] E:\Procademy\PROCADEMEY\course1\WindowsMazeProject\WindowsMazeProject\AStar.cpp : 56
LEAK [0x00000165A4E3CC80] [00000040] E:\Procademy\PROCADEMEY\course1\WindowsMazeProject\WindowsMazeProject\AStar.cpp : 56
LEAK [0x00000165A4E3CCB0] [00000040] E:\Procademy\PROCADEMEY\course1\WindowsMazeProject\WindowsMazeProject\AStar.cpp : 56
LEAK [0x00000165A4E3CCE0] [00000040] E:\Procademy\PROCADEMEY\course1\WindowsMazeProject\WindowsMazeProject\AStar.cpp : 56
LEAK [0x00000165A4E3CD10] [00000040] E:\Procademy\PROCADEMEY\course1\WindowsMazeProject\WindowsMazeProject\AStar.cpp : 56
LEAK [0x00000165A4E3CD40] [00000040] E:\Procademy\PROCADEMEY\course1\WindowsMazeProject\WindowsMazeProject\AStar.cpp : 56
LEAK [0x00000165A4E3CD70] [00000040] E:\Procademy\PROCADEMEY\course1\WindowsMazeProject\WindowsMazeProject\AStar.cpp : 56
LEAK [0x00000165A4E3CDA0] [00000040] E:\Procademy\PROCADEMEY\course1\WindowsMazeProject\WindowsMazeProject\AStar.cpp : 56
LEAK [0x00000165A4E3CDD0] [00000040] E:\Procademy\PROCADEMEY\course1\WindowsMazeProject\WindowsMazeProject\AStar.cpp : 56
LEAK [0x00000165A4E3CE00] [00000040] E:\Procademy\PROCADEMEY\course1\WindowsMazeProject\WindowsMazeProject\AStar.cpp : 56
LEAK [0x00000165A4E3CE60] [00000040] E:\Procademy\PROCADEMEY\course1\WindowsMazeProject\WindowsMazeProject\AStar.cpp : 56
LEAK [0x00000165A4E3CE90] [00000040] E:\Procademy\PROCADEMEY\course1\WindowsMazeProject\WindowsMazeProject\AStar.cpp : 56
LEAK [0x00000165A4E3CEC0] [00000040] E:\Procademy\PROCADEMEY\course1\WindowsMazeProject\WindowsMazeProject\AStar.cpp : 56
LEAK [0x00000165A4E3EF90] [00000040] E:\Procademy\PROCADEMEY\course1\WindowsMazeProject\WindowsMazeProject\AStar.cpp : 56
LEAK [0x00000165A4E3EFC0] [00000040] E:\Procademy\PROCADEMEY\course1\WindowsMazeProject\WindowsMazeProject\AStar.cpp : 56
LEAK [0x00000165A4E3EFF0] [00000040] E:\Procademy\PROCADEMEY\course1\WindowsMazeProject\WindowsMazeProject\AStar.cpp : 56
LEAK [0x00000165A4E3F020] [00000040] E:\Procademy\PROCADEMEY\course1\WindowsMazeProject\WindowsMazeProject\AStar.cpp : 56
LEAK [0x00000165A4E3F050] [00000040] E:\Procademy\PROCADEMEY\course1\WindowsMazeProject\WindowsMazeProject\AStar.cpp : 56
LEAK [0x00000165A4E3F080] [00000040] E:\Procademy\PROCADEMEY\course1\WindowsMazeProject\WindowsMazeProject\AStar.cpp : 56
LEAK [0x00000165A4E3F0B0] [00000040] E:\Procademy\PROCADEMEY\course1\WindowsMazeProject\WindowsMazeProject\AStar.cpp : 56
LEAK [0x00000165A4E3F0E0] [00000040] E:\Procademy\PROCADEMEY\course1\WindowsMazeProject\WindowsMazeProject\AStar.cpp : 56
LEAK [0x00000165A4E3F110] [00000040] E:\Procademy\PROCADEMEY\course1\WindowsMazeProject\WindowsMazeProject\AStar.cpp : 56
LEAK [0x00000165A4E3F140] [00000040] E:\Procademy\PROCADEMEY\course1\WindowsMazeProject\WindowsMazeProject\AStar.cpp : 56
LEAK [0x00000165A4E3F170] [00000040] E:\Procademy\PROCADEMEY\course1\WindowsMazeProject\WindowsMazeProject\AStar.cpp : 56
LEAK [0x00000165A4E3F1A0] [00000040] E:\Procademy\PROCADEMEY\course1\WindowsMazeProject\WindowsMazeProject\AStar.cpp : 56
LEAK [0x00000165A4E3F1D0] [00000040] E:\Procademy\PROCADEMEY\course1\WindowsMazeProject\WindowsMazeProject\AStar.cpp : 56
LEAK [0x00000165A4E3F200] [00000040] E:\Procademy\PROCADEMEY\course1\WindowsMazeProject\WindowsMazeProject\AStar.cpp : 56
LEAK [0x00000165A4E3F230] [00000040] E:\Procademy\PROCADEMEY\course1\WindowsMazeProject\WindowsMazeProject\AStar.cpp : 56
LEAK [0x00000165A4E3F260] [00000040] E:\Procademy\PROCADEMEY\course1\WindowsMazeProject\WindowsMazeProject\AStar.cpp : 56
LEAK [0x00000165A4E3F290] [00000040] E:\Procademy\PROCADEMEY\course1\WindowsMazeProject\WindowsMazeProject\AStar.cpp : 56
LEAK [0x00000165A4E3F2C0] [00000040] E:\Procademy\PROCADEMEY\course1\WindowsMazeProject\WindowsMazeProject\AStar.cpp : 56
LEAK [0x00000165A4E3F2F0] [00000040] E:\Procademy\PROCADEMEY\course1\WindowsMazeProject\WindowsMazeProject\AStar.cpp : 56
LEAK [0x00000165A4E3F320] [00000040] E:\Procademy\PROCADEMEY\course1\WindowsMazeProject\WindowsMazeProject\AStar.cpp : 56
LEAK [0x00000165A4E3F350] [00000040] E:\Procademy\PROCADEMEY\course1\WindowsMazeProject\WindowsMazeProject\AStar.cpp : 56
LEAK [0x00000165A4E3F380] [00000040] E:\Procademy\PROCADEMEY\course1\WindowsMazeProject\WindowsMazeProject\AStar.cpp : 56
LEAK [0x00000165A4E3F3B0] [00000040] E:\Procademy\PROCADEMEY\course1\WindowsMazeProject\WindowsMazeProject\AStar.cpp : 56
LEAK [0x00000165A4E3F3E0] [00000040] E:\Procademy\PROCADEMEY\course1\WindowsMazeProject\WindowsMazeProject\AStar.cpp : 56
LEAK [0x00000165A4E3F410] [00000040] E:\Procademy\PROCADEMEY\course1\WindowsMazeProject\WindowsMazeProject\AStar.cpp : 56
LEAK [0x00000165A4E3F440] [00000040] E:\Procademy\PROCADEMEY\course1\WindowsMazeProject\WindowsMazeProject\AStar.cpp : 56
LEAK [0x00000165A4E3F470] [00000040] E:\Procademy\PROCADEMEY\course1\WindowsMazeProject\WindowsMazeProject\AStar.cpp : 56
LEAK [0x00000165A4E3F4A0] [00000040] E:\Procademy\PROCADEMEY\course1\WindowsMazeProject\WindowsMazeProject\AStar.cpp : 56
LEAK [0x00000165A4E3F4D0] [00000040] E:\Procademy\PROCADEMEY\course1\WindowsMazeProject\WindowsMazeProject\AStar.cpp : 56
LEAK [0x00000165A4E3F500] [00000040] E:\Procademy\PROCADEMEY\course1\WindowsMazeProject\WindowsMazeProject\AStar.cpp : 56
LEAK [0x00000165A4E3F530] [00000040] E:\Procademy\PROCADEMEY\course1\WindowsMazeProject\WindowsMazeProject\AStar.cpp : 56
LEAK [0x00000165A4E3F560] [00000040] E:\Procademy\PROCADEMEY\course1\WindowsMazeProject\WindowsMazeProject\AStar.cpp : 56
LEAK [0x00000165A4E3F590] [00000040] E:\Procademy\PROCADEMEY\course1\WindowsMazeProject\WindowsMazeProject\AStar.cpp : 56
LEAK [0x00000165A4E3F5C0] [00000040] E:\Procademy\PROCADEMEY\course1\WindowsMazeProject\WindowsMazeProject\AStar.cpp : 56
LEAK [0x00000165A4E3F5F0] [00000040] E:\Procademy\PROCADEMEY\course1\WindowsMazeProject\WindowsMazeProject\AStar.cpp : 56
LEAK [0x00000165A4E3F620] [00000040] E:\Procademy\PROCADEMEY\course1\WindowsMazeProject\WindowsMazeProject\AStar.cpp : 56
LEAK [0x00000165A4E3F650] [00000040] E:\Procademy\PROCADEMEY\course1\WindowsMazeProject\WindowsMazeProject\AStar.cpp : 56
LEAK [0x00000165A4E3F680] [00000040] E:\Procademy\PROCADEMEY\course1\WindowsMazeProject\WindowsMazeProject\AStar.cpp : 56
LEAK [0x00000165A4E3F6B0] [00000040] E:\Procademy\PROCADEMEY\course1\WindowsMazeProject\WindowsMazeProject\AStar.cpp : 56
LEAK [0x00000165A4E3F6E0] [00000040] E:\Procademy\PROCADEMEY\course1\WindowsMazeProject\WindowsMazeProject\AStar.cpp : 56
LEAK [0x00000165A4E3F710] [00000040] E:\Procademy\PROCADEMEY\course1\WindowsMazeProject\WindowsMazeProject\AStar.cpp : 56
LEAK [0x00000165A4E3F740] [00000040] E:\Procademy\PROCADEMEY\course1\WindowsMazeProject\WindowsMazeProject\AStar.cpp : 56
LEAK [0x00000165A4E3F770] [00000040] E:\Procademy\PROCADEMEY\course1\WindowsMazeProject\WindowsMazeProject\AStar.cpp : 56
LEAK [0x00000165A4E3F7A0] [00000040] E:\Procademy\PROCADEMEY\course1\WindowsMazeProject\WindowsMazeProject\AStar.cpp : 56
LEAK [0x00000165A4E3F7D0] [00000040] E:\Procademy\PROCADEMEY\course1\WindowsMazeProject\WindowsMazeProject\AStar.cpp : 56
LEAK [0x00000165A4E3F800] [00000040] E:\Procademy\PROCADEMEY\course1\WindowsMazeProject\WindowsMazeProject\AStar.cpp : 56
LEAK [0x00000165A4E3F830] [00000040] E:\Procademy\PROCADEMEY\course1\WindowsMazeProject\WindowsMazeProject\AStar.cpp : 56
LEAK [0x00000165A4E3F860] [00000040] E:\Procademy\PROCADEMEY\course1\WindowsMazeProject\WindowsMazeProject\AStar.cpp : 56
LEAK [0x00000165A4E3F890] [00000040] E:\Procademy\PROCADEMEY\course1\WindowsMazeProject\WindowsMazeProject\AStar.cpp : 56
LEAK [0x00000165A4E3F8C0] [00000040] E:\Procademy\PROCADEMEY\course1\WindowsMazeProject\WindowsMazeProject\AStar.cpp : 56
LEAK [0x00000165A4E3F8F0] [00000040] E:\Procademy\PROCADEMEY\course1\WindowsMazeProject\WindowsMazeProject\AStar.cpp : 56
LEAK [0x00000165A4E3F920] [00000040] E:\Procademy\PROCADEMEY\course1\WindowsMazeProject\WindowsMazeProject\AStar.cpp : 56
LEAK [0x00000165A4E3F950] [00000040] E:\Procademy\PROCADEMEY\course1\WindowsMazeProject\WindowsMazeProject\AStar.cpp : 56
LEAK [0x00000165A4E3F980] [00000040] E:\Procademy\PROCADEMEY\course1\WindowsMazeProject\WindowsMazeProject\AStar.cpp : 56
LEAK [0x00000165A4E3F9B0] [00000040] E:\Procademy\PROCADEMEY\course1\WindowsMazeProject\WindowsMazeProject\AStar.cpp : 56
LEAK [0x00000165A4E3F9E0] [00000040] E:\Procademy\PROCADEMEY\course1\WindowsMazeProject\WindowsMazeProject\AStar.cpp : 56
LEAK [0x00000165A4E3FA10] [00000040] E:\Procademy\PROCADEMEY\course1\WindowsMazeProject\WindowsMazeProject\AStar.cpp : 56
LEAK [0x00000165A4E3FA40] [00000040] E:\Procademy\PROCADEMEY\course1\WindowsMazeProject\WindowsMazeProject\AStar.cpp : 56
LEAK [0x00000165A4E3FA70] [00000040] E:\Procademy\PROCADEMEY\course1\WindowsMazeProject\WindowsMazeProject\AStar.cpp : 56
LEAK [0x00000165A4E3FAA0] [00000040] E:\Procademy\PROCADEMEY\course1\WindowsMazeProject\WindowsMazeProject\AStar.cpp : 56
LEAK [0x00000165A4E3FAD0] [00000040] E:\Procademy\PROCADEMEY\course1\WindowsMazeProject\WindowsMazeProject\AStar.cpp : 56
LEAK [0x00000165A4E3FB00] [00000040] E:\Procademy\PROCADEMEY\course1\WindowsMazeProject\WindowsMazeProject\AStar.cpp : 56
LEAK [0x00000165A4E3FB30] [00000040] E:\Procademy\PROCADEMEY\course1\WindowsMazeProject\WindowsMazeProject\AStar.cpp : 56
LEAK [0x00000165A4E3FB60] [00000040] E:\Procademy\PROCADEMEY\course1\WindowsMazeProject\WindowsMazeProject\AStar.cpp : 56
LEAK [0x00000165A4E3FB90] [00000040] E:\Procademy\PROCADEMEY\course1\WindowsMazeProject\WindowsMazeProject\AStar.cpp : 56
LEAK [0x00000165A4E3FBC0] [00000040] E:\Procademy\PROCADEMEY\course1\WindowsMazeProject\WindowsMazeProject\AStar.cpp : 56
LEAK [0x00000165A4E3FBF0] [00000040] E:\Procademy\PROCADEMEY\course1\WindowsMazeProject\WindowsMazeProject\AStar.cpp : 56
LEAK [0x00000165A4E3FC20] [00000040] E:\Procademy\PROCADEMEY\course1\WindowsMazeProject\WindowsMazeProject\AStar.cpp : 56
LEAK [0x00000165A4E3FC50] [00000040] E:\Procademy\PROCADEMEY\course1\WindowsMazeProject\WindowsMazeProject\AStar.cpp : 56
LEAK [0x00000165A4E3FC80] [00000040] E:\Procademy\PROCADEMEY\course1\WindowsMazeProject\WindowsMazeProject\AStar.cpp : 56
LEAK [0x00000165A4E3FCB0] [00000040] E:\Procademy\PROCADEMEY\course1\WindowsMazeProject\WindowsMazeProject\AStar.cpp : 56
LEAK [0x00000165A4E3FCE0] [00000040] E:\Procademy\PROCADEMEY\course1\WindowsMazeProject\WindowsMazeProject\AStar.cpp : 56
LEAK [0x00000165A4E3FD10] [00000040] E:\Procademy\PROCADEMEY\course1\WindowsMazeProject\WindowsMazeProject\AStar.cpp : 56
LEAK [0x00000165A4E3FD40] [00000040] E:\Procademy\PROCADEMEY\course1\WindowsMazeProject\WindowsMazeProject\AStar.cpp : 56
LEAK [0x00000165A4E3FD70] [00000040] E:\Procademy\PROCADEMEY\course1\WindowsMazeProject\WindowsMazeProject\AStar.cpp : 56
LEAK [0x00000165A4E3FDA0] [00000040] E:\Procademy\PROCADEMEY\course1\WindowsMazeProject\WindowsMazeProject\AStar.cpp : 56
LEAK [0x00000165A4E3FDD0] [00000040] E:\Procademy\PROCADEMEY\course1\WindowsMazeProject\WindowsMazeProject\AStar.cpp : 56
LEAK [0x00000165A4E3FE00] [00000040] E:\Procademy\PROCADEMEY\course1\WindowsMazeProject\WindowsMazeProject\AStar.cpp : 56
LEAK [0x00000165A4E3FE30] [00000040] E:\Procademy\PROCADEMEY\course1\WindowsMazeProject\WindowsMazeProject\AStar.cpp : 56
LEAK [0x00000165A4E3FE60] [00000040] E:\Procademy\PROCADEMEY\course1\WindowsMazeProject\WindowsMazeProject\AStar.cpp : 56
LEAK [0x00000165A4E3FE90] [00000040] E:\Procademy\PROCADEMEY\course1\WindowsMazeProject\WindowsMazeProject\AStar.cpp : 56
LEAK [0x00000165A4E3FEC0] [00000040] E:\Procademy\PROCADEMEY\course1\WindowsMazeProject\WindowsMazeProject\AStar.cpp : 56
LEAK [0x00000165A4E3FEF0] [00000040] E:\Procademy\PROCADEMEY\course1\WindowsMazeProject\WindowsMazeProject\AStar.cpp : 56
LEAK [0x00000165A4E41FB0] [00000040] E:\Procademy\PROCADEMEY\course1\WindowsMazeProject\WindowsMazeProject\AStar.cpp : 56
LEAK [0x00000165A4E41FE0] [00000040] E:\Procademy\PROCADEMEY\course1\WindowsMazeProject\WindowsMazeProject\AStar.cpp : 56
LEAK [0x00000165A4E42010] [00000040] E:\Procademy\PROCADEMEY\course1\WindowsMazeProject\WindowsMazeProject\AStar.cpp : 56
LEAK [0x00000165A4E42040] [00000040] E:\Procademy\PROCADEMEY\course1\WindowsMazeProject\WindowsMazeProject\AStar.cpp : 56
LEAK [0x00000165A4E42070] [00000040] E:\Procademy\PROCADEMEY\course1\WindowsMazeProject\WindowsMazeProject\AStar.cpp : 56
LEAK [0x00000165A4E420A0] [00000040] E:\Procademy\PROCADEMEY\course1\WindowsMazeProject\WindowsMazeProject\AStar.cpp : 56
LEAK [0x00000165A4E420D0] [00000040] E:\Procademy\PROCADEMEY\course1\WindowsMazeProject\WindowsMazeProject\AStar.cpp : 56
LEAK [0x00000165A4E42100] [00000040] E:\Procademy\PROCADEMEY\course1\WindowsMazeProject\WindowsMazeProject\AStar.cpp : 56
LEAK [0x00000165A4E42130] [00000040] E:\Procademy\PROCADEMEY\course1\WindowsMazeProject\WindowsMazeProject\AStar.cpp : 56
LEAK [0x00000165A4E42160] [00000040] E:\Procademy\PROCADEMEY\course1\WindowsMazeProject\WindowsMazeProject\AStar.cpp : 56
LEAK [0x00000165A4E42190] [00000040] E:\Procademy\PROCADEMEY\course1\WindowsMazeProject\WindowsMazeProject\AStar.cpp : 56
LEAK [0x00000165A4E421C0] [00000040] E:\Procademy\PROCADEMEY\course1\WindowsMazeProject\WindowsMazeProject\AStar.cpp : 56
LEAK [0x00000165A4E421F0] [00000040] E:\Procademy\PROCADEMEY\course1\WindowsMazeProject\WindowsMazeProject\AStar.cpp : 56
LEAK [0x00000165A4E42220] [00000040] E:\Procademy\PROCADEMEY\course1\WindowsMazeProject\WindowsMazeProject\AStar.cpp : 56
LEAK [0x00000165A4E42250] [00000040] E:\Procademy\PROCADEMEY\course1\WindowsMazeProject\WindowsMazeProject\AStar.cpp : 56
LEAK [0x00000165A4E42280] [00000040] E:\Procademy\PROCADEMEY\course1\WindowsMazeProject\WindowsMazeProject\AStar.cpp : 56
LEAK [0x00000165A4E422B0] [00000040] E:\Procademy\PROCADEMEY\course1\WindowsMazeProject\WindowsMazeProject\AStar.cpp : 56
LEAK [0x00000165A4E422E0] [00000040] E:\Procademy\PROCADEMEY\course1\WindowsMazeProject\WindowsMazeProject\AStar.cpp : 56
LEAK [0x00000165A4E42310] [00000040] E:\Procademy\PROCADEMEY\course1\WindowsMazeProject\WindowsMazeProject\AStar.cpp : 56
LEAK [0x00000165A4E42340] [00000040] E:\Procademy\PROCADEMEY\course1\WindowsMazeProject\WindowsMazeProject\AStar.cpp : 56
LEAK [0x00000165A4E42370] [00000040] E:\Procademy\PROCADEMEY\course1\WindowsMazeProject\WindowsMazeProject\AStar.cpp : 56
LEAK [0x00000165A4E423A0] [00000040] E:\Procademy\PROCADEMEY\course1\WindowsMazeProject\WindowsMazeProject\AStar.cpp : 56
LEAK [0x00000165A4E423D0] [00000040] E:\Procademy\PROCADEMEY\course1\WindowsMazeProject\WindowsMazeProject\AStar.cpp : 56
LEAK [0x00000165A4E42400] [00000040] E:\Procademy\PROCADEMEY\course1\WindowsMazeProject\WindowsMazeProject\AStar.cpp : 56
LEAK [0x00000165A4E42430] [00000040] E:\Procademy\PROCADEMEY\course1\WindowsMazeProject\WindowsMazeProject\AStar.cpp : 56
LEAK [0x00000165A4E42460] [00000040] E:\Procademy\PROCADEMEY\course1\WindowsMazeProject\WindowsMazeProject\AStar.cpp : 56
LEAK [0x00000165A4E42490] [00000040] E:\Procademy\PROCADEMEY\course1\WindowsMazeProject\WindowsMazeProject\AStar.cpp : 56
LEAK [0x00000165A4E424C0] [00000040] E:\Procademy\PROCADEMEY\course1\WindowsMazeProject\WindowsMazeProject\AStar.cpp : 56
LEAK [0x00000165A4E424F0] [00000040] E:\Procademy\PROCADEMEY\course1\WindowsMazeProject\WindowsMazeProject\AStar.cpp : 56
LEAK [0x00000165A4E42520] [00000040] E:\Procademy\PROCADEMEY\course1\WindowsMazeProject\WindowsMazeProject\AStar.cpp : 56
LEAK [0x00000165A4E42550] [00000040] E:\Procademy\PROCADEMEY\course1\WindowsMazeProject\WindowsMazeProject\AStar.cpp : 56
LEAK [0x00000165A4E42580] [00000040] E:\Procademy\PROCADEMEY\course1\WindowsMazeProject\WindowsMazeProject\AStar.cpp : 56
LEAK [0x00000165A4E425B0] [00000040] E:\Procademy\PROCADEMEY\course1\WindowsMazeProject\WindowsMazeProject\AStar.cpp : 56
LEAK [0x00000165A4E42610] [00000040] E:\Procademy\PROCADEMEY\course1\WindowsMazeProject\WindowsMazeProject\AStar.cpp : 56
LEAK [0x00000165A4E42640] [00000040] E:\Procademy\PROCADEMEY\course1\WindowsMazeProject\WindowsMazeProject\AStar.cpp : 56
LEAK [0x00000165A4E42670] [00000040] E:\Procademy\PROCADEMEY\course1\WindowsMazeProject\WindowsMazeProject\AStar.cpp : 56
LEAK [0x00000165A4E426A0] [00000040] E:\Procademy\PROCADEMEY\course1\WindowsMazeProject\WindowsMazeProject\AStar.cpp : 56
LEAK [0x00000165A4E426D0] [00000040] E:\Procademy\PROCADEMEY\course1\WindowsMazeProject\WindowsMazeProject\AStar.cpp : 56
LEAK [0x00000165A4E42700] [00000040] E:\Procademy\PROCADEMEY\course1\WindowsMazeProject\WindowsMazeProject\AStar.cpp : 56
LEAK [0x00000165A4E42730] [00000040] E:\Procademy\PROCADEMEY\course1\WindowsMazeProject\WindowsMazeProject\AStar.cpp : 56
LEAK [0x00000165A4E42760] [00000040] E:\Procademy\PROCADEMEY\course1\WindowsMazeProject\WindowsMazeProject\AStar.cpp : 56
LEAK [0x00000165A4E42790] [00000040] E:\Procademy\PROCADEMEY\course1\WindowsMazeProject\WindowsMazeProject\AStar.cpp : 56
LEAK [0x00000165A4E427C0] [00000040] E:\Procademy\PROCADEMEY\course1\WindowsMazeProject\WindowsMazeProject\AStar.cpp : 56
LEAK [0x00000165A4E427F0] [00000040] E:\Procademy\PROCADEMEY\course1\WindowsMazeProject\WindowsMazeProject\AStar.cpp : 56
LEAK [0x00000165A4E42820] [00000040] E:\Procademy\PROCADEMEY\course1\WindowsMazeProject\WindowsMazeProject\AStar.cpp : 56
LEAK [0x00000165A4E42850] [00000040] E:\Procademy\PROCADEMEY\course1\WindowsMazeProject\WindowsMazeProject\AStar.cpp : 56
LEAK [0x00000165A4E42880] [00000040] E:\Procademy\PROCADEMEY\course1\WindowsMazeProject\WindowsMazeProject\AStar.cpp : 56
LEAK [0x00000165A4E428B0] [00000040] E:\Procademy\PROCADEMEY\course1\WindowsMazeProject\WindowsMazeProject\AStar.cpp : 56
LEAK [0x00000165A4E428E0] [00000040] E:\Procademy\PROCADEMEY\course1\WindowsMazeProject\WindowsMazeProject\AStar.cpp : 56
LEAK [0x00000165A4E42910] [00000040] E:\Procademy\PROCADEMEY\course1\WindowsMazeProject\WindowsMazeProject\AStar.cpp : 56
LEAK [0x00000165A4E42940] [00000040] E:\Procademy\PROCADEMEY\course1\WindowsMazeProject\WindowsMazeProject\AStar.cpp : 56
LEAK [0x00000165A4E42970] [00000040] E:\Procademy\PROCADEMEY\course1\WindowsMazeProject\WindowsMazeProject\AStar.cpp : 56
LEAK [0x00000165A4E429A0] [00000040] E:\Procademy\PROCADEMEY\course1\WindowsMazeProject\WindowsMazeProject\AStar.cpp : 56
LEAK [0x00000165A4E429D0] [00000040] E:\Procademy\PROCADEMEY\course1\WindowsMazeProject\WindowsMazeProject\AStar.cpp : 56
LEAK [0x00000165A4E42A00] [00000040] E:\Procademy\PROCADEMEY\course1\WindowsMazeProject\WindowsMazeProject\AStar.cpp : 56
LEAK [0x00000165A4E42A30] [00000040] E:\Procademy\PROCADEMEY\course1\WindowsMazeProject\WindowsMazeProject\AStar.cpp : 56
LEAK [0x00000165A4E42A60] [00000040] E:\Procademy\PROCADEMEY\course1\WindowsMazeProject\WindowsMazeProject\AStar.cpp : 56
LEAK [0x00000165A4E42A90] [00000040] E:\Procademy\PROCADEMEY\course1\WindowsMazeProject\WindowsMazeProject\AStar.cpp : 56
LEAK [0x00000165A4E42AC0] [00000040] E:\Procademy\PROCADEMEY\course1\WindowsMazeProject\WindowsMazeProject\AStar.cpp : 56
LEAK [0x00000165A4E42AF0] [00000040] E:\Procademy\PROCADEMEY\course1\WindowsMazeProject\WindowsMazeProject\AStar.cpp : 56
LEAK [0x00000165A4E42B20] [00000040] E:\Procademy\PROCADEMEY\course1\WindowsMazeProject\WindowsMazeProject\AStar.cpp : 56
LEAK [0x00000165A4E42B50] [00000040] E:\Procademy\PROCADEMEY\course1\WindowsMazeProject\WindowsMazeProject\AStar.cpp : 56
LEAK [0x00000165A4E42B80] [00000040] E:\Procademy\PROCADEMEY\course1\WindowsMazeProject\WindowsMazeProject\AStar.cpp : 56
LEAK [0x00000165A4E42BB0] [00000040] E:\Procademy\PROCADEMEY\course1\WindowsMazeProject\WindowsMazeProject\AStar.cpp : 56
LEAK [0x00000165A4E42BE0] [00000040] E:\Procademy\PROCADEMEY\course1\WindowsMazeProject\WindowsMazeProject\AStar.cpp : 56
LEAK [0x00000165A4E42C10] [00000040] E:\Procademy\PROCADEMEY\course1\WindowsMazeProject\WindowsMazeProject\AStar.cpp : 56
LEAK [0x00000165A4E42C70] [00000040] E:\Procademy\PROCADEMEY\course1\WindowsMazeProject\WindowsMazeProject\AStar.cpp : 56
LEAK [0x00000165A4E42CA0] [00000040] E:\Procademy\PROCADEMEY\course1\WindowsMazeProject\WindowsMazeProject\AStar.cpp : 56
LEAK [0x00000165A4E42CD0] [00000040] E:\Procademy\PROCADEMEY\course1\WindowsMazeProject\WindowsMazeProject\AStar.cpp : 56
LEAK [0x00000165A4E42D00] [00000040] E:\Procademy\PROCADEMEY\course1\WindowsMazeProject\WindowsMazeProject\AStar.cpp : 56
LEAK [0x00000165A4E42D60] [00000040] E:\Procademy\PROCADEMEY\course1\WindowsMazeProject\WindowsMazeProject\AStar.cpp : 56
LEAK [0x00000165A4E42D90] [00000040] E:\Procademy\PROCADEMEY\course1\WindowsMazeProject\WindowsMazeProject\AStar.cpp : 56
LEAK [0x00000165A4E42DC0] [00000040] E:\Procademy\PROCADEMEY\course1\WindowsMazeProject\WindowsMazeProject\AStar.cpp : 56
LEAK [0x00000165A4E42DF0] [00000040] E:\Procademy\PROCADEMEY\course1\WindowsMazeProject\WindowsMazeProject\AStar.cpp : 56
LEAK [0x00000165A4E42E20] [00000040] E:\Procademy\PROCADEMEY\course1\WindowsMazeProject\WindowsMazeProject\AStar.cpp : 56
LEAK [0x00000165A4E42E50] [00000040] E:\Procademy\PROCADEMEY\course1\WindowsMazeProject\WindowsMazeProject\AStar.cpp : 56
LEAK [0x00000165A4E42E80] [00000040] E:\Procademy\PROCADEMEY\course1\WindowsMazeProject\WindowsMazeProject\AStar.cpp : 56
LEAK [0x00000165A4E42EB0] [00000040] E:\Procademy\PROCADEMEY\course1\WindowsMazeProject\WindowsMazeProject\AStar.cpp : 56
LEAK [0x00000165A4E42EE0] [00000040] E:\Procademy\PROCADEMEY\course1\WindowsMazeProject\WindowsMazeProject\AStar.cpp : 56
LEAK [0x00000165A4E42F10] [00000040] E:\Procademy\PROCADEMEY\course1\WindowsMazeProject\WindowsMazeProject\AStar.cpp : 56
LEAK [0x00000165A4E453E0] [00000040] E:\Procademy\PROCADEMEY\course1\WindowsMazeProject\WindowsMazeProject\AStar.cpp : 56
LEAK [0x00000165A4E45410] [00000040] E:\Procademy\PROCADEMEY\course1\WindowsMazeProject\WindowsMazeProject\AStar.cpp : 56
LEAK [0x00000165A4E45440] [00000040] E:\Procademy\PROCADEMEY\course1\WindowsMazeProject\WindowsMazeProject\AStar.cpp : 56
LEAK [0x00000165A4E45470] [00000040] E:\Procademy\PROCADEMEY\course1\WindowsMazeProject\WindowsMazeProject\AStar.cpp : 56
LEAK [0x00000165A4E454A0] [00000040] E:\Procademy\PROCADEMEY\course1\WindowsMazeProject\WindowsMazeProject\AStar.cpp : 56
LEAK [0x00000165A4E454D0] [00000040] E:\Procademy\PROCADEMEY\course1\WindowsMazeProject\WindowsMazeProject\AStar.cpp : 56
LEAK [0x00000165A4E45500] [00000040] E:\Procademy\PROCADEMEY\course1\WindowsMazeProject\WindowsMazeProject\AStar.cpp : 56
LEAK [0x00000165A4E45530] [00000040] E:\Procademy\PROCADEMEY\course1\WindowsMazeProject\WindowsMazeProject\AStar.cpp : 56
LEAK [0x00000165A4E45560] [00000040] E:\Procademy\PROCADEMEY\course1\WindowsMazeProject\WindowsMazeProject\AStar.cpp : 56
LEAK [0x00000165A4E45590] [00000040] E:\Procademy\PROCADEMEY\course1\WindowsMazeProject\WindowsMazeProject\AStar.cpp : 56
LEAK [0x00000165A4E455C0] [00000040] E:\Procademy\PROCADEMEY\course1\WindowsMazeProject\WindowsMazeProject\AStar.cpp : 56
LEAK [0x00000165A4E455F0] [00000040] E:\Procademy\PROCADEMEY\course1\WindowsMazeProject\WindowsMazeProject\AStar.cpp : 56
LEAK [0x00000165A4E45620] [00000040] E:\Procademy\PROCADEMEY\course1\WindowsMazeProject\WindowsMazeProject\AStar.cpp : 56
LEAK [0x00000165A4E45650] [00000040] E:\Procademy\PROCADEMEY\course1\WindowsMazeProject\WindowsMazeProject\AStar.cpp : 56
LEAK [0x00000165A4E45680] [00000040] E:\Procademy\PROCADEMEY\course1\WindowsMazeProject\WindowsMazeProject\AStar.cpp : 56
LEAK [0x00000165A4E456B0] [00000040] E:\Procademy\PROCADEMEY\course1\WindowsMazeProject\WindowsMazeProject\AStar.cpp : 56
LEAK [0x00000165A4E456E0] [00000040] E:\Procademy\PROCADEMEY\course1\WindowsMazeProject\WindowsMazeProject\AStar.cpp : 56
LEAK [0x00000165A4E45710] [00000040] E:\Procademy\PROCADEMEY\course1\WindowsMazeProject\WindowsMazeProject\AStar.cpp : 56
LEAK [0x00000165A4E45740] [00000040] E:\Procademy\PROCADEMEY\course1\WindowsMazeProject\WindowsMazeProject\AStar.cpp : 56
LEAK [0x00000165A4E45770] [00000040] E:\Procademy\PROCADEMEY\course1\WindowsMazeProject\WindowsMazeProject\AStar.cpp : 56
LEAK [0x00000165A4E457A0] [00000040] E:\Procademy\PROCADEMEY\course1\WindowsMazeProject\WindowsMazeProject\AStar.cpp : 56
LEAK [0x00000165A4E457D0] [00000040] E:\Procademy\PROCADEMEY\course1\WindowsMazeProject\WindowsMazeProject\AStar.cpp : 56
LEAK [0x00000165A4E45800] [00000040] E:\Procademy\PROCADEMEY\course1\WindowsMazeProject\WindowsMazeProject\AStar.cpp : 56
LEAK [0x00000165A4E45830] [00000040] E:\Procademy\PROCADEMEY\course1\WindowsMazeProject\WindowsMazeProject\AStar.cpp : 56
LEAK [0x00000165A4E45860] [00000040] E:\Procademy\PROCADEMEY\course1\WindowsMazeProject\WindowsMazeProject\AStar.cpp : 56
LEAK [0x00000165A4E45890] [00000040] E:\Procademy\PROCADEMEY\course1\WindowsMazeProject\WindowsMazeProject\AStar.cpp : 56
LEAK [0x00000165A4E458C0] [00000040] E:\Procademy\PROCADEMEY\course1\WindowsMazeProject\WindowsMazeProject\AStar.cpp : 56
LEAK [0x00000165A4E458F0] [00000040] E:\Procademy\PROCADEMEY\course1\WindowsMazeProject\WindowsMazeProject\AStar.cpp : 56
LEAK [0x00000165A4E45920] [00000040] E:\Procademy\PROCADEMEY\course1\WindowsMazeProject\WindowsMazeProject\AStar.cpp : 56
LEAK [0x00000165A4E45950] [00000040] E:\Procademy\PROCADEMEY\course1\WindowsMazeProject\WindowsMazeProject\AStar.cpp : 56
LEAK [0x00000165A4E45980] [00000040] E:\Procademy\PROCADEMEY\course1\WindowsMazeProject\WindowsMazeProject\AStar.cpp : 56
LEAK [0x00000165A4E459B0] [00000040] E:\Procademy\PROCADEMEY\course1\WindowsMazeProject\WindowsMazeProject\AStar.cpp : 56
LEAK [0x00000165A4E459E0] [00000040] E:\Procademy\PROCADEMEY\course1\WindowsMazeProject\WindowsMazeProject\AStar.cpp : 56
LEAK [0x00000165A4E45A10] [00000040] E:\Procademy\PROCADEMEY\course1\WindowsMazeProject\WindowsMazeProject\AStar.cpp : 56
LEAK [0x00000165A4E45A40] [00000040] E:\Procademy\PROCADEMEY\course1\WindowsMazeProject\WindowsMazeProject\AStar.cpp : 56
LEAK [0x00000165A4E45A70] [00000040] E:\Procademy\PROCADEMEY\course1\WindowsMazeProject\WindowsMazeProject\AStar.cpp : 56
LEAK [0x00000165A4E45AA0] [00000040] E:\Procademy\PROCADEMEY\course1\WindowsMazeProject\WindowsMazeProject\AStar.cpp : 56
LEAK [0x00000165A4E45AD0] [00000040] E:\Procademy\PROCADEMEY\course1\WindowsMazeProject\WindowsMazeProject\AStar.cpp : 56
LEAK [0x00000165A4E45B00] [00000040] E:\Procademy\PROCADEMEY\course1\WindowsMazeProject\WindowsMazeProject\AStar.cpp : 56
LEAK [0x00000165A4E45B30] [00000040] E:\Procademy\PROCADEMEY\course1\WindowsMazeProject\WindowsMazeProject\AStar.cpp : 56
LEAK [0x00000165A4E45B60] [00000040] E:\Procademy\PROCADEMEY\course1\WindowsMazeProject\WindowsMazeProject\AStar.cpp : 56
LEAK [0x00000165A4E45B90] [00000040] E:\Procademy\PROCADEMEY\course1\WindowsMazeProject\WindowsMazeProject\AStar.cpp : 56
LEAK [0x00000165A4E45BC0] [00000040] E:\Procademy\PROCADEMEY\course1\WindowsMazeProject\WindowsMazeProject\AStar.cpp : 56
LEAK [0x00000165A4E45BF0] [00000040] E:\Procademy\PROCADEMEY\course1\WindowsMazeProject\WindowsMazeProject\AStar.cpp : 56
LEAK [0x00000165A4E45C20] [00000040] E:\Procademy\PROCADEMEY\course1\WindowsMazeProject\WindowsMazeProject\AStar.cpp : 56
LEAK [0x00000165A4E45C50] [00000040] E:\Procademy\PROCADEMEY\course1\WindowsMazeProject\WindowsMazeProject\AStar.cpp : 56
LEAK [0x00000165A4E45C80] [00000040] E:\Procademy\PROCADEMEY\course1\WindowsMazeProject\WindowsMazeProject\AStar.cpp : 56
LEAK [0x00000165A4E45CB0] [00000040] E:\Procademy\PROCADEMEY\course1\WindowsMazeProject\WindowsMazeProject\AStar.cpp : 56
LEAK [0x00000165A4E45CE0] [00000040] E:\Procademy\PROCADEMEY\course1\WindowsMazeProject\WindowsMazeProject\AStar.cpp : 56
LEAK [0x00000165A4E45D10] [00000040] E:\Procademy\PROCADEMEY\course1\WindowsMazeProject\WindowsMazeProject\AStar.cpp : 56
LEAK [0x00000165A4E45D40] [00000040] E:\Procademy\PROCADEMEY\course1\WindowsMazeProject\WindowsMazeProject\AStar.cpp : 56
LEAK [0x00000165A4E45D70] [00000040] E:\Procademy\PROCADEMEY\course1\WindowsMazeProject\WindowsMazeProject\AStar.cpp : 56
LEAK [0x00000165A4E45DA0] [00000040] E:\Procademy\PROCADEMEY\course1\WindowsMazeProject\WindowsMazeProject\AStar.cpp : 56
LEAK [0x00000165A4E45DD0] [00000040] E:\Procademy\PROCADEMEY\course1\WindowsMazeProject\WindowsMazeProject\AStar.cpp : 56
LEAK [0x00000165A4E45E00] [00000040] E:\Procademy\PROCADEMEY\course1\WindowsMazeProject\WindowsMazeProject\AStar.cpp : 56
LEAK [0x00000165A4E45E30] [00000040] E:\Procademy\PROCADEMEY\course1\WindowsMazeProject\WindowsMazeProject\AStar.cpp : 56
LEAK [0x00000165A4E45E60] [00000040] E:\Procademy\PROCADEMEY\course1\WindowsMazeProject\WindowsMazeProject\AStar.cpp : 56
LEAK [0x00000165A4E45E90] [00000040] E:\Procademy\PROCADEMEY\course1\WindowsMazeProject\WindowsMazeProject\AStar.cpp : 56
LEAK [0x00000165A4E45EC0] [00000040] E:\Procademy\PROCADEMEY\course1\WindowsMazeProject\WindowsMazeProject\AStar.cpp : 56
LEAK [0x00000165A4E45EF0] [00000040] E:\Procademy\PROCADEMEY\course1\WindowsMazeProject\WindowsMazeProject\AStar.cpp : 56
LEAK [0x00000165A4E45F20] [00000040] E:\Procademy\PROCADEMEY\course1\WindowsMazeProject\WindowsMazeProject\AStar.cpp : 56
LEAK [0x00000165A4E45F50] [00000040] E:\Procademy\PROCADEMEY\course1\WindowsMazeProject\WindowsMazeProject\AStar.cpp : 56
LEAK [0x00000165A4E45F80] [00000040] E:\Procademy\PROCADEMEY\course1\WindowsMazeProject\WindowsMazeProject\AStar.cpp : 56
LEAK [0x00000165A4E45FB0] [00000040] E:\Procademy\PROCADEMEY\course1\WindowsMazeProject\WindowsMazeProject\AStar.cpp : 56
LEAK [0x00000165A4E45FE0] [00000040] E:\Procademy\PROCADEMEY\course1\WindowsMazeProject\WindowsMazeProject\AStar.cpp : 56
LEAK [0x00000165A4E46010] [00000040] E:\Procademy\PROCADEMEY\course1\WindowsMazeProject\WindowsMazeProject\AStar.cpp : 56
LEAK [0x00000165A4E46040] [00000040] E:\Procademy\PROCADEMEY\course1\WindowsMazeProject\WindowsMazeProject\AStar.cpp : 56
LEAK [0x00000165A4E46070] [00000040] E:\Procademy\PROCADEMEY\course1\WindowsMazeProject\WindowsMazeProject\AStar.cpp : 56
LEAK [0x00000165A4E460A0] [00000040] E:\Procademy\PROCADEMEY\course1\WindowsMazeProject\WindowsMazeProject\AStar.cpp : 56
LEAK [0x00000165A4E460D0] [00000040] E:\Procademy\PROCADEMEY\course1\WindowsMazeProject\WindowsMazeProject\AStar.cpp : 56
LEAK [0x00000165A4E46100] [00000040] E:\Procademy\PROCADEMEY\course1\WindowsMazeProject\WindowsMazeProject\AStar.cpp : 56
LEAK [0x00000165A4E46130] [00000040] E:\Procademy\PROCADEMEY\course1\WindowsMazeProject\WindowsMazeProject\AStar.cpp : 56
LEAK [0x00000165A4E46160] [00000040] E:\Procademy\PROCADEMEY\course1\WindowsMazeProject\WindowsMazeProject\AStar.cpp : 56
LEAK [0x00000165A4E46190] [00000040] E:\Procademy\PROCADEMEY\course1\WindowsMazeProject\WindowsMazeProject\AStar.cpp : 56
LEAK [0x00000165A4E461C0] [00000040] E:\Procademy\PROCADEMEY\course1\WindowsMazeProject\WindowsMazeProject\AStar.cpp : 56
LEAK [0x00000165A4E461F0] [00000040] E:\Procademy\PROCADEMEY\course1\WindowsMazeProject\WindowsMazeProject\AStar.cpp : 56
LEAK [0x00000165A4E46220] [00000040] E:\Procademy\PROCADEMEY\course1\WindowsMazeProject\WindowsMazeProject\AStar.cpp : 56
LEAK [0x00000165A4E46250] [00000040] E:\Procademy\PROCADEMEY\course1\WindowsMazeProject\WindowsMazeProject\AStar.cpp : 56
LEAK [0x00000165A4E46280] [00000040] E:\Procademy\PROCADEMEY\course1\WindowsMazeProject\WindowsMazeProject\AStar.cpp : 56
LEAK [0x00000165A4E462B0] [00000040] E:\Procademy\PROCADEMEY\course1\WindowsMazeProject\WindowsMazeProject\AStar.cpp : 56
LEAK [0x00000165A4E462E0] [00000040] E:\Procademy\PROCADEMEY\course1\WindowsMazeProject\WindowsMazeProject\AStar.cpp : 56
LEAK [0x00000165A4E46310] [00000040] E:\Procademy\PROCADEMEY\course1\WindowsMazeProject\WindowsMazeProject\AStar.cpp : 56
LEAK [0x00000165A4E46340] [00000040] E:\Procademy\PROCADEMEY\course1\WindowsMazeProject\WindowsMazeProject\AStar.cpp : 56
LEAK [0x00000165A4E46370] [00000040] E:\Procademy\PROCADEMEY\course1\WindowsMazeProject\WindowsMazeProject\AStar.cpp : 56
LEAK [0x00000165A4E463A0] [00000040] E:\Procademy\PROCADEMEY\course1\WindowsMazeProject\WindowsMazeProject\AStar.cpp : 56
LEAK [0x00000165A4E463D0] [00000040] E:\Procademy\PROCADEMEY\course1\WindowsMazeProject\WindowsMazeProject\AStar.cpp : 56
LEAK [0x00000165A4E46400] [00000040] E:\Procademy\PROCADEMEY\course1\WindowsMazeProject\WindowsMazeProject\AStar.cpp : 56
LEAK [0x00000165A4E46430] [00000040] E:\Procademy\PROCADEMEY\course1\WindowsMazeProject\WindowsMazeProject\AStar.cpp : 56
LEAK [0x00000165A4E46460] [00000040] E:\Procademy\PROCADEMEY\course1\WindowsMazeProject\WindowsMazeProject\AStar.cpp : 56
LEAK [0x00000165A4E46490] [00000040] E:\Procademy\PROCADEMEY\course1\WindowsMazeProject\WindowsMazeProject\AStar.cpp : 56
LEAK [0x00000165A4E464C0] [00000040] E:\Procademy\PROCADEMEY\course1\WindowsMazeProject\WindowsMazeProject\AStar.cpp : 56
LEAK [0x00000165A4E464F0] [00000040] E:\Procademy\PROCADEMEY\course1\WindowsMazeProject\WindowsMazeProject\AStar.cpp : 56
LEAK [0x00000165A4E46520] [00000040] E:\Procademy\PROCADEMEY\course1\WindowsMazeProject\WindowsMazeProject\AStar.cpp : 56
LEAK [0x00000165A4E46550] [00000040] E:\Procademy\PROCADEMEY\course1\WindowsMazeProject\WindowsMazeProject\AStar.cpp : 56
LEAK [0x00000165A4E46580] [00000040] E:\Procademy\PROCADEMEY\course1\WindowsMazeProject\WindowsMazeProject\AStar.cpp : 56
LEAK [0x00000165A4E465B0] [00000040] E:\Procademy\PROCADEMEY\course1\WindowsMazeProject\WindowsMazeProject\AStar.cpp : 56
LEAK [0x00000165A4E465E0] [00000040] E:\Procademy\PROCADEMEY\course1\WindowsMazeProject\WindowsMazeProject\AStar.cpp : 56
LEAK [0x00000165A4E46610] [00000040] E:\Procademy\PROCADEMEY\course1\WindowsMazeProject\WindowsMazeProject\AStar.cpp : 56
LEAK [0x00000165A4E46640] [00000040] E:\Procademy\PROCADEMEY\course1\WindowsMazeProject\WindowsMazeProject\AStar.cpp : 56
LEAK [0x00000165A4E46670] [00000040] E:\Procademy\PROCADEMEY\course1\WindowsMazeProject\WindowsMazeProject\AStar.cpp : 56
LEAK [0x00000165A4E466A0] [00000040] E:\Procademy\PROCADEMEY\course1\WindowsMazeProject\WindowsMazeProject\AStar.cpp : 56
LEAK [0x00000165A4E466D0] [00000040] E:\Procademy\PROCADEMEY\course1\WindowsMazeProject\WindowsMazeProject\AStar.cpp : 56
LEAK [0x00000165A4E46700] [00000040] E:\Procademy\PROCADEMEY\course1\WindowsMazeProject\WindowsMazeProject\AStar.cpp : 56
LEAK [0x00000165A4E46730] [00000040] E:\Procademy\PROCADEMEY\course1\WindowsMazeProject\WindowsMazeProject\AStar.cpp : 56
LEAK [0x00000165A4E46790] [00000040] E:\Procademy\PROCADEMEY\course1\WindowsMazeProject\WindowsMazeProject\AStar.cpp : 56
LEAK [0x00000165A4E467C0] [00000040] E:\Procademy\PROCADEMEY\course1\WindowsMazeProject\WindowsMazeProject\AStar.cpp : 56
LEAK [0x00000165A4E467F0] [00000040] E:\Procademy\PROCADEMEY\course1\WindowsMazeProject\WindowsMazeProject\AStar.cpp : 56
LEAK [0x00000165A4E46820] [00000040] E:\Procademy\PROCADEMEY\course1\WindowsMazeProject\WindowsMazeProject\AStar.cpp : 56
LEAK [0x00000165A4E46850] [00000040] E:\Procademy\PROCADEMEY\course1\WindowsMazeProject\WindowsMazeProject\AStar.cpp : 56
LEAK [0x00000165A4E46880] [00000040] E:\Procademy\PROCADEMEY\course1\WindowsMazeProject\WindowsMazeProject\AStar.cpp : 56
LEAK [0x00000165A4E468E0] [00000040] E:\Procademy\PROCADEMEY\course1\WindowsMazeProject\WindowsMazeProject\AStar.cpp : 56
LEAK [0x00000165A4E46940] [00000040] E:\Procademy\PROCADEMEY\course1\WindowsMazeProject\WindowsMazeProject\AStar.cpp : 56
LEAK [0x00000165A4E46970] [00000040] E:\Procademy\PROCADEMEY\course1\WindowsMazeProject\WindowsMazeProject\AStar.cpp : 56
LEAK [0x00000165A4E469A0] [00000040] E:\Procademy\PROCADEMEY\course1\WindowsMazeProject\WindowsMazeProject\AStar.cpp : 56
LEAK [0x00000165A4E469D0] [00000040] E:\Procademy\PROCADEMEY\course1\WindowsMazeProject\WindowsMazeProject\AStar.cpp : 56
LEAK [0x00000165A4E46A00] [00000040] E:\Procademy\PROCADEMEY\course1\WindowsMazeProject\WindowsMazeProject\AStar.cpp : 56
LEAK [0x00000165A4E46A30] [00000040] E:\Procademy\PROCADEMEY\course1\WindowsMazeProject\WindowsMazeProject\AStar.cpp : 56
LEAK [0x00000165A4E46A60] [00000040] E:\Procademy\PROCADEMEY\course1\WindowsMazeProject\WindowsMazeProject\AStar.cpp : 56
LEAK [0x00000165A4E46A90] [00000040] E:\Procademy\PROCADEMEY\course1\WindowsMazeProject\WindowsMazeProject\AStar.cpp : 56
LEAK [0x00000165A4E46AC0] [00000040] E:\Procademy\PROCADEMEY\course1\WindowsMazeProject\WindowsMazeProject\AStar.cpp : 56
LEAK [0x00000165A4E46AF0] [00000040] E:\Procademy\PROCADEMEY\course1\WindowsMazeProject\WindowsMazeProject\AStar.cpp : 56
LEAK [0x00000165A4E46B20] [00000040] E:\Procademy\PROCADEMEY\course1\WindowsMazeProject\WindowsMazeProject\AStar.cpp : 56
LEAK [0x00000165A4E46B50] [00000040] E:\Procademy\PROCADEMEY\course1\WindowsMazeProject\WindowsMazeProject\AStar.cpp : 56
LEAK [0x00000165A4E46B80] [00000040] E:\Procademy\PROCADEMEY\course1\WindowsMazeProject\WindowsMazeProject\AStar.cpp : 56
LEAK [0x00000165A4E46BB0] [00000040] E:\Procademy\PROCADEMEY\course1\WindowsMazeProject\WindowsMazeProject\AStar.cpp : 56
LEAK [0x00000165A4E46BE0] [00000040] E:\Procademy\PROCADEMEY\course1\WindowsMazeProject\WindowsMazeProject\AStar.cpp : 56
LEAK [0x00000165A4E46C10] [00000040] E:\Procademy\PROCADEMEY\course1\WindowsMazeProject\WindowsMazeProject\AStar.cpp : 56
LEAK [0x00000165A4E46C40] [00000040] E:\Procademy\PROCADEMEY\course1\WindowsMazeProject\WindowsMazeProject\AStar.cpp : 56
LEAK [0x00000165A4E46C70] [00000040] E:\Procademy\PROCADEMEY\course1\WindowsMazeProject\WindowsMazeProject\AStar.cpp : 56
LEAK [0x00000165A4E46CA0] [00000040] E:\Procademy\PROCADEMEY\course1\WindowsMazeProject\WindowsMazeProject\AStar.cpp : 56
LEAK [0x00000165A4E46CD0] [00000040] E:\Procademy\PROCADEMEY\course1\WindowsMazeProject\WindowsMazeProject\AStar.cpp : 56
LEAK [0x00000165A4E46D00] [00000040] E:\Procademy\PROCADEMEY\course1\WindowsMazeProject\WindowsMazeProject\AStar.cpp : 56
LEAK [0x00000165A4E46D30] [00000040] E:\Procademy\PROCADEMEY\course1\WindowsMazeProject\WindowsMazeProject\AStar.cpp : 56
LEAK [0x00000165A4E46D60] [00000040] E:\Procademy\PROCADEMEY\course1\WindowsMazeProject\WindowsMazeProject\AStar.cpp : 56
LEAK [0x00000165A4E46D90] [00000040] E:\Procademy\PROCADEMEY\course1\WindowsMazeProject\WindowsMazeProject\AStar.cpp : 56
LEAK [0x00000165A4E46DC0] [00000040] E:\Procademy\PROCADEMEY\course1\WindowsMazeProject\WindowsMazeProject\AStar.cpp : 56
LEAK [0x00000165A4E46DF0] [00000040] E:\Procademy\PROCADEMEY\course1\WindowsMazeProject\WindowsMazeProject\AStar.cpp : 56
LEAK [0x00000165A4E46E20] [00000040] E:\Procademy\PROCADEMEY\course1\WindowsMazeProject\WindowsMazeProject\AStar.cpp : 56
LEAK [0x00000165A4E46E50] [00000040] E:\Procademy\PROCADEMEY\course1\WindowsMazeProject\WindowsMazeProject\AStar.cpp : 56
LEAK [0x00000165A4E46E80] [00000040] E:\Procademy\PROCADEMEY\course1\WindowsMazeProject\WindowsMazeProject\AStar.cpp : 56
LEAK [0x00000165A4E46EB0] [00000040] E:\Procademy\PROCADEMEY\course1\WindowsMazeProject\WindowsMazeProject\AStar.cpp : 56
LEAK [0x00000165A4E46EE0] [00000040] E:\Procademy\PROCADEMEY\course1\WindowsMazeProject\WindowsMazeProject\AStar.cpp : 56
LEAK [0x00000165A4E46F10] [00000040] E:\Procademy\PROCADEMEY\course1\WindowsMazeProject\WindowsMazeProject\AStar.cpp : 56
LEAK [0x00000165A4E46F40] [00000040] E:\Procademy\PROCADEMEY\course1\WindowsMazeProject\WindowsMazeProject\AStar.cpp : 56
LEAK [0x00000165A4E46F70] [00000040] E:\Procademy\PROCADEMEY\course1\WindowsMazeProject\WindowsMazeProject\AStar.cpp : 56
LEAK [0x00000165A4E46FA0] [00000040] E:\Procademy\PROCADEMEY\course1\WindowsMazeProject\WindowsMazeProject\AStar.cpp : 56
LEAK [0x00000165A4E46FD0] [00000040] E:\Procademy\PROCADEMEY\course1\WindowsMazeProject\WindowsMazeProject\AStar.cpp : 56
LEAK [0x00000165A4E47000] [00000040] E:\Procademy\PROCADEMEY\course1\WindowsMazeProject\WindowsMazeProject\AStar.cpp : 56
LEAK [0x00000165A4E47030] [00000040] E:\Procademy\PROCADEMEY\course1\WindowsMazeProject\WindowsMazeProject\AStar.cpp : 56
LEAK [0x00000165A4E47060] [00000040] E:\Procademy\PROCADEMEY\course1\WindowsMazeProject\WindowsMazeProject\AStar.cpp : 56
LEAK [0x00000165A4E47090] [00000040] E:\Procademy\PROCADEMEY\course1\WindowsMazeProject\WindowsMazeProject\AStar.cpp : 56
LEAK [0x00000165A4E470C0] [00000040] E:\Procademy\PROCADEMEY\course1\WindowsMazeProject\WindowsMazeProject\AStar.cpp : 56
LEAK [0x00000165A4E470F0] [00000040] E:\Procademy\PROCADEMEY\course1\WindowsMazeProject\WindowsMazeProject\AStar.cpp : 56
LEAK [0x00000165A4E47120] [00000040] E:\Procademy\PROCADEMEY\course1\WindowsMazeProject\WindowsMazeProject\AStar.cpp : 56
LEAK [0x00000165A4E47150] [00000040] E:\Procademy\PROCADEMEY\course1\WindowsMazeProject\WindowsMazeProject\AStar.cpp : 56
LEAK [0x00000165A4E47180] [00000040] E:\Procademy\PROCADEMEY\course1\WindowsMazeProject\WindowsMazeProject\AStar.cpp : 56
LEAK [0x00000165A4E471B0] [00000040] E:\Procademy\PROCADEMEY\course1\WindowsMazeProject\WindowsMazeProject\AStar.cpp : 56
LEAK [0x00000165A4E471E0] [00000040] E:\Procademy\PROCADEMEY\course1\WindowsMazeProject\WindowsMazeProject\AStar.cpp : 56
LEAK [0x00000165A4E47210] [00000040] E:\Procademy\PROCADEMEY\course1\WindowsMazeProject\WindowsMazeProject\AStar.cpp : 56
LEAK [0x00000165A4E47240] [00000040] E:\Procademy\PROCADEMEY\course1\WindowsMazeProject\WindowsMazeProject\AStar.cpp : 56
LEAK [0x00000165A4E47270] [00000040] E:\Procademy\PROCADEMEY\course1\WindowsMazeProject\WindowsMazeProject\AStar.cpp : 56
LEAK [0x00000165A4E472A0] [00000040] E:\Procademy\PROCADEMEY\course1\WindowsMazeProject\WindowsMazeProject\AStar.cpp : 56
LEAK [0x00000165A4E47300] [00000040] E:\Procademy\PROCADEMEY\course1\WindowsMazeProject\WindowsMazeProject\AStar.cpp : 56
LEAK [0x00000165A4E47330] [00000040] E:\Procademy\PROCADEMEY\course1\WindowsMazeProject\WindowsMazeProject\AStar.cpp : 56
LEAK [0x00000165A4E4B440] [00000040] E:\Procademy\PROCADEMEY\course1\WindowsMazeProject\WindowsMazeProject\AStar.cpp : 56
LEAK [0x00000165A4E4B470] [00000040] E:\Procademy\PROCADEMEY\course1\WindowsMazeProject\WindowsMazeProject\AStar.cpp : 56
LEAK [0x00000165A4E4B4A0] [00000040] E:\Procademy\PROCADEMEY\course1\WindowsMazeProject\WindowsMazeProject\AStar.cpp : 56
LEAK [0x00000165A4E4B4D0] [00000040] E:\Procademy\PROCADEMEY\course1\WindowsMazeProject\WindowsMazeProject\AStar.cpp : 56
LEAK [0x00000165A4E4B500] [00000040] E:\Procademy\PROCADEMEY\course1\WindowsMazeProject\WindowsMazeProject\AStar.cpp : 56
LEAK [0x00000165A4E4B530] [00000040] E:\Procademy\PROCADEMEY\course1\WindowsMazeProject\WindowsMazeProject\AStar.cpp : 56
LEAK [0x00000165A4E4B5F0] [00000040] E:\Procademy\PROCADEMEY\course1\WindowsMazeProject\WindowsMazeProject\AStar.cpp : 56
LEAK [0x00000165A4E4B620] [00000040] E:\Procademy\PROCADEMEY\course1\WindowsMazeProject\WindowsMazeProject\AStar.cpp : 56
LEAK [0x00000165A4E4B680] [00000040] E:\Procademy\PROCADEMEY\course1\WindowsMazeProject\WindowsMazeProject\AStar.cpp : 56
LEAK [0x00000165A4E4B6E0] [00000040] E:\Procademy\PROCADEMEY\course1\WindowsMazeProject\WindowsMazeProject\AStar.cpp : 56
LEAK [0x00000165A4E4B710] [00000040] E:\Procademy\PROCADEMEY\course1\WindowsMazeProject\WindowsMazeProject\AStar.cpp : 56
LEAK [0x00000165A4E4B740] [00000040] E:\Procademy\PROCADEMEY\course1\WindowsMazeProject\WindowsMazeProject\AStar.cpp : 56
LEAK [0x00000165A4E4B7A0] [00000040] E:\Procademy\PROCADEMEY\course1\WindowsMazeProject\WindowsMazeProject\AStar.cpp : 56
LEAK [0x00000165A4E4B7D0] [00000040] E:\Procademy\PROCADEMEY\course1\WindowsMazeProject\WindowsMazeProject\AStar.cpp : 56
LEAK [0x00000165A4E4B800] [00000040] E:\Procademy\PROCADEMEY\course1\WindowsMazeProject\WindowsMazeProject\AStar.cpp : 56
LEAK [0x00000165A4E4B860] [00000040] E:\Procademy\PROCADEMEY\course1\WindowsMazeProject\WindowsMazeProject\AStar.cpp : 56
LEAK [0x00000165A4E4B890] [00000040] E:\Procademy\PROCADEMEY\course1\WindowsMazeProject\WindowsMazeProject\AStar.cpp : 56
LEAK [0x00000165A4E4B950] [00000040] E:\Procademy\PROCADEMEY\course1\WindowsMazeProject\WindowsMazeProject\AStar.cpp : 56
LEAK [0x00000165A4E4B980] [00000040] E:\Procademy\PROCADEMEY\course1\WindowsMazeProject\WindowsMazeProject\AStar.cpp : 56
LEAK [0x00000165A4E4B9B0] [00000040] E:\Procademy\PROCADEMEY\course1\WindowsMazeProject\WindowsMazeProject\AStar.cpp : 56
LEAK [0x00000165A4E4B9E0] [00000040] E:\Procademy\PROCADEMEY\course1\WindowsMazeProject\WindowsMazeProject\AStar.cpp : 56
LEAK [0x00000165A4E4BA10] [00000040] E:\Procademy\PROCADEMEY\course1\WindowsMazeProject\WindowsMazeProject\AStar.cpp : 56
LEAK [0x00000165A4E4BA40] [00000040] E:\Procademy\PROCADEMEY\course1\WindowsMazeProject\WindowsMazeProject\AStar.cpp : 56
LEAK [0x00000165A4E4BAA0] [00000040] E:\Procademy\PROCADEMEY\course1\WindowsMazeProject\WindowsMazeProject\AStar.cpp : 56
LEAK [0x00000165A4E4BAD0] [00000040] E:\Procademy\PROCADEMEY\course1\WindowsMazeProject\WindowsMazeProject\AStar.cpp : 56
LEAK [0x00000165A4E4BB00] [00000040] E:\Procademy\PROCADEMEY\course1\WindowsMazeProject\WindowsMazeProject\AStar.cpp : 56
LEAK [0x00000165A4E4BB60] [00000040] E:\Procademy\PROCADEMEY\course1\WindowsMazeProject\WindowsMazeProject\AStar.cpp : 56
LEAK [0x00000165A4E4BBC0] [00000040] E:\Procademy\PROCADEMEY\course1\WindowsMazeProject\WindowsMazeProject\AStar.cpp : 56
LEAK [0x00000165A4E4BBF0] [00000040] E:\Procademy\PROCADEMEY\course1\WindowsMazeProject\WindowsMazeProject\AStar.cpp : 56
LEAK [0x00000165A4E4BC20] [00000040] E:\Procademy\PROCADEMEY\course1\WindowsMazeProject\WindowsMazeProject\AStar.cpp : 56
LEAK [0x00000165A4E4BC50] [00000040] E:\Procademy\PROCADEMEY\course1\WindowsMazeProject\WindowsMazeProject\AStar.cpp : 56
LEAK [0x00000165A4E4BCB0] [00000040] E:\Procademy\PROCADEMEY\course1\WindowsMazeProject\WindowsMazeProject\AStar.cpp : 56
LEAK [0x00000165A4E4BCE0] [00000040] E:\Procademy\PROCADEMEY\course1\WindowsMazeProject\WindowsMazeProject\AStar.cpp : 56
LEAK [0x00000165A4E4BD40] [00000040] E:\Procademy\PROCADEMEY\course1\WindowsMazeProject\WindowsMazeProject\AStar.cpp : 56
LEAK [0x00000165A4E4BDA0] [00000040] E:\Procademy\PROCADEMEY\course1\WindowsMazeProject\WindowsMazeProject\AStar.cpp : 56
LEAK [0x00000165A4E4BDD0] [00000040] E:\Procademy\PROCADEMEY\course1\WindowsMazeProject\WindowsMazeProject\AStar.cpp : 56
LEAK [0x00000165A4E4BE30] [00000040] E:\Procademy\PROCADEMEY\course1\WindowsMazeProject\WindowsMazeProject\AStar.cpp : 56
LEAK [0x00000165A4E4BE60] [00000040] E:\Procademy\PROCADEMEY\course1\WindowsMazeProject\WindowsMazeProject\AStar.cpp : 56
LEAK [0x00000165A4E4BE90] [00000040] E:\Procademy\PROCADEMEY\course1\WindowsMazeProject\WindowsMazeProject\AStar.cpp : 56
LEAK [0x00000165A4E4BEC0] [00000040] E:\Procademy\PROCADEMEY\course1\WindowsMazeProject\WindowsMazeProject\AStar.cpp : 56
LEAK [0x00000165A4E4BEF0] [00000040] E:\Procademy\PROCADEMEY\course1\WindowsMazeProject\WindowsMazeProject\AStar.cpp : 56
LEAK [0x00000165A4E4BF20] [00000040] E:\Procademy\PROCADEMEY\course1\WindowsMazeProject\WindowsMazeProject\AStar.cpp : 56
LEAK [0x00000165A4E4BF50] [00000040] E:\Procademy\PROCADEMEY\course1\WindowsMazeProject\WindowsMazeProject\AStar.cpp : 56
LEAK [0x00000165A4E4BF80] [00000040] E:\Procademy\PROCADEMEY\course1\WindowsMazeProject\WindowsMazeProject\AStar.cpp : 56
LEAK [0x00000165A4E4BFB0] [00000040] E:\Procademy\PROCADEMEY\course1\WindowsMazeProject\WindowsMazeProject\AStar.cpp : 56
LEAK [0x00000165A4E4C010] [00000040] E:\Procademy\PROCADEMEY\course1\WindowsMazeProject\WindowsMazeProject\AStar.cpp : 56
LEAK [0x00000165A4E4C040] [00000040] E:\Procademy\PROCADEMEY\course1\WindowsMazeProject\WindowsMazeProject\AStar.cpp : 56
LEAK [0x00000165A4E4C070] [00000040] E:\Procademy\PROCADEMEY\course1\WindowsMazeProject\WindowsMazeProject\AStar.cpp : 56
LEAK [0x00000165A4E4C0A0] [00000040] E:\Procademy\PROCADEMEY\course1\WindowsMazeProject\WindowsMazeProject\AStar.cpp : 56
LEAK [0x00000165A4E4C0D0] [00000040] E:\Procademy\PROCADEMEY\course1\WindowsMazeProject\WindowsMazeProject\AStar.cpp : 56
LEAK [0x00000165A4E4C100] [00000040] E:\Procademy\PROCADEMEY\course1\WindowsMazeProject\WindowsMazeProject\AStar.cpp : 56
LEAK [0x00000165A4E4C130] [00000040] E:\Procademy\PROCADEMEY\course1\WindowsMazeProject\WindowsMazeProject\AStar.cpp : 56
LEAK [0x00000165A4E4C190] [00000040] E:\Procademy\PROCADEMEY\course1\WindowsMazeProject\WindowsMazeProject\AStar.cpp : 56
LEAK [0x00000165A4E4C1C0] [00000040] E:\Procademy\PROCADEMEY\course1\WindowsMazeProject\WindowsMazeProject\AStar.cpp : 56
LEAK [0x00000165A4E4C1F0] [00000040] E:\Procademy\PROCADEMEY\course1\WindowsMazeProject\WindowsMazeProject\AStar.cpp : 56
LEAK [0x00000165A4E4C280] [00000040] E:\Procademy\PROCADEMEY\course1\WindowsMazeProject\WindowsMazeProject\AStar.cpp : 56
LEAK [0x00000165A4E4C2B0] [00000040] E:\Procademy\PROCADEMEY\course1\WindowsMazeProject\WindowsMazeProject\AStar.cpp : 56
LEAK [0x00000165A4E4C2E0] [00000040] E:\Procademy\PROCADEMEY\course1\WindowsMazeProject\WindowsMazeProject\AStar.cpp : 56
LEAK [0x00000165A4E4C310] [00000040] E:\Procademy\PROCADEMEY\course1\WindowsMazeProject\WindowsMazeProject\AStar.cpp : 56
LEAK [0x00000165A4E4C340] [00000040] E:\Procademy\PROCADEMEY\course1\WindowsMazeProject\WindowsMazeProject\AStar.cpp : 56
LEAK [0x00000165A4E4C3A0] [00000040] E:\Procademy\PROCADEMEY\course1\WindowsMazeProject\WindowsMazeProject\AStar.cpp : 56
LEAK [0x00000165A4E4C3D0] [00000040] E:\Procademy\PROCADEMEY\course1\WindowsMazeProject\WindowsMazeProject\AStar.cpp : 56
LEAK [0x00000165A4E4C400] [00000040] E:\Procademy\PROCADEMEY\course1\WindowsMazeProject\WindowsMazeProject\AStar.cpp : 56
LEAK [0x00000165A4E4C460] [00000040] E:\Procademy\PROCADEMEY\course1\WindowsMazeProject\WindowsMazeProject\AStar.cpp : 56
LEAK [0x00000165A4E4C490] [00000040] E:\Procademy\PROCADEMEY\course1\WindowsMazeProject\WindowsMazeProject\AStar.cpp : 56
LEAK [0x00000165A4E4C4C0] [00000040] E:\Procademy\PROCADEMEY\course1\WindowsMazeProject\WindowsMazeProject\AStar.cpp : 56
LEAK [0x00000165A4E4C4F0] [00000040] E:\Procademy\PROCADEMEY\course1\WindowsMazeProject\WindowsMazeProject\AStar.cpp : 56
LEAK [0x00000165A4E4C520] [00000040] E:\Procademy\PROCADEMEY\course1\WindowsMazeProject\WindowsMazeProject\AStar.cpp : 56
LEAK [0x00000165A4E4C550] [00000040] E:\Procademy\PROCADEMEY\course1\WindowsMazeProject\WindowsMazeProject\AStar.cpp : 56
LEAK [0x00000165A4E4C580] [00000040] E:\Procademy\PROCADEMEY\course1\WindowsMazeProject\WindowsMazeProject\AStar.cpp : 56
LEAK [0x00000165A4E4C5B0] [00000040] E:\Procademy\PROCADEMEY\course1\WindowsMazeProject\WindowsMazeProject\AStar.cpp : 56
LEAK [0x00000165A4E4C5E0] [00000040] E:\Procademy\PROCADEMEY\course1\WindowsMazeProject\WindowsMazeProject\AStar.cpp : 56
LEAK [0x00000165A4E4C610] [00000040] E:\Procademy\PROCADEMEY\course1\WindowsMazeProject\WindowsMazeProject\AStar.cpp : 56
LEAK [0x00000165A4E4C640] [00000040] E:\Procademy\PROCADEMEY\course1\WindowsMazeProject\WindowsMazeProject\AStar.cpp : 56
LEAK [0x00000165A4E4C700] [00000040] E:\Procademy\PROCADEMEY\course1\WindowsMazeProject\WindowsMazeProject\AStar.cpp : 56
LEAK [0x00000165A4E4C730] [00000040] E:\Procademy\PROCADEMEY\course1\WindowsMazeProject\WindowsMazeProject\AStar.cpp : 56
LEAK [0x00000165A4E4C760] [00000040] E:\Procademy\PROCADEMEY\course1\WindowsMazeProject\WindowsMazeProject\AStar.cpp : 56
LEAK [0x00000165A4E4C790] [00000040] E:\Procademy\PROCADEMEY\course1\WindowsMazeProject\WindowsMazeProject\AStar.cpp : 56
LEAK [0x00000165A4E4C7C0] [00000040] E:\Procademy\PROCADEMEY\course1\WindowsMazeProject\WindowsMazeProject\AStar.cpp : 56
LEAK [0x00000165A4E4C7F0] [00000040] E:\Procademy\PROCADEMEY\course1\WindowsMazeProject\WindowsMazeProject\AStar.cpp : 56
LEAK [0x00000165A4E4C820] [00000040] E:\Procademy\PROCADEMEY\course1\WindowsMazeProject\WindowsMazeProject\AStar.cpp : 56
LEAK [0x00000165A4E4C8B0] [00000040] E:\Procademy\PROCADEMEY\course1\WindowsMazeProject\WindowsMazeProject\AStar.cpp : 56
LEAK [0x00000165A4E4C8E0] [00000040] E:\Procademy\PROCADEMEY\course1\WindowsMazeProject\WindowsMazeProject\AStar.cpp : 56
LEAK [0x00000165A4E4C910] [00000040] E:\Procademy\PROCADEMEY\course1\WindowsMazeProject\WindowsMazeProject\AStar.cpp : 56
LEAK [0x00000165A4E4C940] [00000040] E:\Procademy\PROCADEMEY\course1\WindowsMazeProject\WindowsMazeProject\AStar.cpp : 56
LEAK [0x00000165A4E4C970] [00000040] E:\Procademy\PROCADEMEY\course1\WindowsMazeProject\WindowsMazeProject\AStar.cpp : 56
LEAK [0x00000165A4E4C9A0] [00000040] E:\Procademy\PROCADEMEY\course1\WindowsMazeProject\WindowsMazeProject\AStar.cpp : 56
LEAK [0x00000165A4E4C9D0] [00000040] E:\Procademy\PROCADEMEY\course1\WindowsMazeProject\WindowsMazeProject\AStar.cpp : 56
LEAK [0x00000165A4E4CA00] [00000040] E:\Procademy\PROCADEMEY\course1\WindowsMazeProject\WindowsMazeProject\AStar.cpp : 56
LEAK [0x00000165A4E4CA30] [00000040] E:\Procademy\PROCADEMEY\course1\WindowsMazeProject\WindowsMazeProject\AStar.cpp : 56
LEAK [0x00000165A4E4CA90] [00000040] E:\Procademy\PROCADEMEY\course1\WindowsMazeProject\WindowsMazeProject\AStar.cpp : 56
LEAK [0x00000165A4E4CAF0] [00000040] E:\Procademy\PROCADEMEY\course1\WindowsMazeProject\WindowsMazeProject\AStar.cpp : 56
LEAK [0x00000165A4E4CB20] [00000040] E:\Procademy\PROCADEMEY\course1\WindowsMazeProject\WindowsMazeProject\AStar.cpp : 56
LEAK [0x00000165A4E4CB50] [00000040] E:\Procademy\PROCADEMEY\course1\WindowsMazeProject\WindowsMazeProject\AStar.cpp : 56
LEAK [0x00000165A4E4CB80] [00000040] E:\Procademy\PROCADEMEY\course1\WindowsMazeProject\WindowsMazeProject\AStar.cpp : 56
LEAK [0x00000165A4E4CBE0] [00000040] E:\Procademy\PROCADEMEY\course1\WindowsMazeProject\WindowsMazeProject\AStar.cpp : 56
LEAK [0x00000165A4E4CC10] [00000040] E:\Procademy\PROCADEMEY\course1\WindowsMazeProject\WindowsMazeProject\AStar.cpp : 56
LEAK [0x00000165A4E4CC40] [00000040] E:\Procademy\PROCADEMEY\course1\WindowsMazeProject\WindowsMazeProject\AStar.cpp : 56
LEAK [0x00000165A4E4CC70] [00000040] E:\Procademy\PROCADEMEY\course1\WindowsMazeProject\WindowsMazeProject\AStar.cpp : 56
LEAK [0x00000165A4E4CCA0] [00000040] E:\Procademy\PROCADEMEY\course1\WindowsMazeProject\WindowsMazeProject\AStar.cpp : 56
LEAK [0x00000165A4E4CCD0] [00000040] E:\Procademy\PROCADEMEY\course1\WindowsMazeProject\WindowsMazeProject\AStar.cpp : 56
LEAK [0x00000165A4E4CD00] [00000040] E:\Procademy\PROCADEMEY\course1\WindowsMazeProject\WindowsMazeProject\AStar.cpp : 56
LEAK [0x00000165A4E4CD30] [00000040] E:\Procademy\PROCADEMEY\course1\WindowsMazeProject\WindowsMazeProject\AStar.cpp : 56
LEAK [0x00000165A4E4CD60] [00000040] E:\Procademy\PROCADEMEY\course1\WindowsMazeProject\WindowsMazeProject\AStar.cpp : 56
LEAK [0x00000165A4E4CD90] [00000040] E:\Procademy\PROCADEMEY\course1\WindowsMazeProject\WindowsMazeProject\AStar.cpp : 56
LEAK [0x00000165A4E4CE20] [00000040] E:\Procademy\PROCADEMEY\course1\WindowsMazeProject\WindowsMazeProject\AStar.cpp : 56
LEAK [0x00000165A4E4CE50] [00000040] E:\Procademy\PROCADEMEY\course1\WindowsMazeProject\WindowsMazeProject\AStar.cpp : 56
LEAK [0x00000165A4E4CE80] [00000040] E:\Procademy\PROCADEMEY\course1\WindowsMazeProject\WindowsMazeProject\AStar.cpp : 56
LEAK [0x00000165A4E4CEB0] [00000040] E:\Procademy\PROCADEMEY\course1\WindowsMazeProject\WindowsMazeProject\AStar.cpp : 56
LEAK [0x00000165A4E4CF10] [00000040] E:\Procademy\PROCADEMEY\course1\WindowsMazeProject\WindowsMazeProject\AStar.cpp : 56
LEAK [0x00000165A4E4CF40] [00000040] E:\Procademy\PROCADEMEY\course1\WindowsMazeProject\WindowsMazeProject\AStar.cpp : 56
LEAK [0x00000165A4E4CFA0] [00000040] E:\Procademy\PROCADEMEY\course1\WindowsMazeProject\WindowsMazeProject\AStar.cpp : 56
LEAK [0x00000165A4E4CFD0] [00000040] E:\Procademy\PROCADEMEY\course1\WindowsMazeProject\WindowsMazeProject\AStar.cpp : 56
LEAK [0x00000165A4E4D000] [00000040] E:\Procademy\PROCADEMEY\course1\WindowsMazeProject\WindowsMazeProject\AStar.cpp : 56
LEAK [0x00000165A4E4D030] [00000040] E:\Procademy\PROCADEMEY\course1\WindowsMazeProject\WindowsMazeProject\AStar.cpp : 56
LEAK [0x00000165A4E4D060] [00000040] E:\Procademy\PROCADEMEY\course1\WindowsMazeProject\WindowsMazeProject\AStar.cpp : 56
LEAK [0x00000165A4E4D090] [00000040] E:\Procademy\PROCADEMEY\course1\WindowsMazeProject\WindowsMazeProject\AStar.cpp : 56
LEAK [0x00000165A4E4D0C0] [00000040] E:\Procademy\PROCADEMEY\course1\WindowsMazeProject\WindowsMazeProject\AStar.cpp : 56
LEAK [0x00000165A4E4D120] [00000040] E:\Procademy\PROCADEMEY\course1\WindowsMazeProject\WindowsMazeProject\AStar.cpp : 56
LEAK [0x00000165A4E4D150] [00000040] E:\Procademy\PROCADEMEY\course1\WindowsMazeProject\WindowsMazeProject\AStar.cpp : 56
LEAK [0x00000165A4E4D180] [00000040] E:\Procademy\PROCADEMEY\course1\WindowsMazeProject\WindowsMazeProject\AStar.cpp : 56
LEAK [0x00000165A4E4D1B0] [00000040] E:\Procademy\PROCADEMEY\course1\WindowsMazeProject\WindowsMazeProject\AStar.cpp : 56
LEAK [0x00000165A4E4D1E0] [00000040] E:\Procademy\PROCADEMEY\course1\WindowsMazeProject\WindowsMazeProject\AStar.cpp : 56
LEAK [0x00000165A4E4D210] [00000040] E:\Procademy\PROCADEMEY\course1\WindowsMazeProject\WindowsMazeProject\AStar.cpp : 56
LEAK [0x00000165A4E4D270] [00000040] E:\Procademy\PROCADEMEY\course1\WindowsMazeProject\WindowsMazeProject\AStar.cpp : 56
LEAK [0x00000165A4E4D2D0] [00000040] E:\Procademy\PROCADEMEY\course1\WindowsMazeProject\WindowsMazeProject\AStar.cpp : 56
LEAK [0x00000165A4E4D300] [00000040] E:\Procademy\PROCADEMEY\course1\WindowsMazeProject\WindowsMazeProject\AStar.cpp : 56
LEAK [0x00000165A4E4D330] [00000040] E:\Procademy\PROCADEMEY\course1\WindowsMazeProject\WindowsMazeProject\AStar.cpp : 56
LEAK [0x00000165A4E4D360] [00000040] E:\Procademy\PROCADEMEY\course1\WindowsMazeProject\WindowsMazeProject\AStar.cpp : 56
