NOALLOC [0x000001FD565B0110] E:\Procademy\PROCADEMEY\course1\WindowsMazeProject\WindowsMazeProject\AStar.cpp : 65
NOALLOC [0x000001FD565B0250] E:\Procademy\PROCADEMEY\course1\WindowsMazeProject\WindowsMazeProject\AStar.cpp : 65
NOALLOC [0x000001FD565B13A0] E:\Procademy\PROCADEMEY\course1\WindowsMazeProject\WindowsMazeProject\AStar.cpp : 65
NOALLOC [0x000001FD565B2AB0] E:\Procademy\PROCADEMEY\course1\WindowsMazeProject\WindowsMazeProject\AStar.cpp : 65
NOALLOC [0x000001FD565B2970] E:\Procademy\PROCADEMEY\course1\WindowsMazeProject\WindowsMazeProject\AStar.cpp : 65
NOALLOC [0x000001FD565B2B00] E:\Procademy\PROCADEMEY\course1\WindowsMazeProject\WindowsMazeProject\AStar.cpp : 65
NOALLOC [0x000001FD565B3000] E:\Procademy\PROCADEMEY\course1\WindowsMazeProject\WindowsMazeProject\AStar.cpp : 65
NOALLOC [0x000001FD565B27E0] E:\Procademy\PROCADEMEY\course1\WindowsMazeProject\WindowsMazeProject\AStar.cpp : 65
NOALLOC [0x000001FD565B2560] E:\Procademy\PROCADEMEY\course1\WindowsMazeProject\WindowsMazeProject\AStar.cpp : 65
NOALLOC [0x000001FD565B4D60] E:\Procademy\PROCADEMEY\course1\WindowsMazeProject\WindowsMazeProject\AStar.cpp : 65
NOALLOC [0x000001FD565B5350] E:\Procademy\PROCADEMEY\course1\WindowsMazeProject\WindowsMazeProject\AStar.cpp : 65
NOALLOC [0x000001FD565B4B30] E:\Procademy\PROCADEMEY\course1\WindowsMazeProject\WindowsMazeProject\AStar.cpp : 65
NOALLOC [0x000001FD565B4BD0] E:\Procademy\PROCADEMEY\course1\WindowsMazeProject\WindowsMazeProject\AStar.cpp : 65
NOALLOC [0x000001FD565B4E50] E:\Procademy\PROCADEMEY\course1\WindowsMazeProject\WindowsMazeProject\AStar.cpp : 65
NOALLOC [0x000001FD565B4EF0] E:\Procademy\PROCADEMEY\course1\WindowsMazeProject\WindowsMazeProject\AStar.cpp : 65
NOALLOC [0x000001FD565B7600] E:\Procademy\PROCADEMEY\course1\WindowsMazeProject\WindowsMazeProject\AStar.cpp : 65
NOALLOC [0x000001FD565B7790] E:\Procademy\PROCADEMEY\course1\WindowsMazeProject\WindowsMazeProject\AStar.cpp : 65
NOALLOC [0x000001FD565B8460] E:\Procademy\PROCADEMEY\course1\WindowsMazeProject\WindowsMazeProject\AStar.cpp : 65
NOALLOC [0x000001FD565B8500] E:\Procademy\PROCADEMEY\course1\WindowsMazeProject\WindowsMazeProject\AStar.cpp : 65
NOALLOC [0x000001FD565B79C0] E:\Procademy\PROCADEMEY\course1\WindowsMazeProject\WindowsMazeProject\AStar.cpp : 65
NOALLOC [0x000001FD565BCCE0] E:\Procademy\PROCADEMEY\course1\WindowsMazeProject\WindowsMazeProject\AStar.cpp : 65
NOALLOC [0x000001FD565BC5B0] E:\Procademy\PROCADEMEY\course1\WindowsMazeProject\WindowsMazeProject\AStar.cpp : 65
NOALLOC [0x000001FD565BBD90] E:\Procademy\PROCADEMEY\course1\WindowsMazeProject\WindowsMazeProject\AStar.cpp : 65
NOALLOC [0x000001FD565BB9D0] E:\Procademy\PROCADEMEY\course1\WindowsMazeProject\WindowsMazeProject\AStar.cpp : 65
NOALLOC [0x000001FD565BCAB0] E:\Procademy\PROCADEMEY\course1\WindowsMazeProject\WindowsMazeProject\AStar.cpp : 65
NOALLOC [0x000001FD565BCB50] E:\Procademy\PROCADEMEY\course1\WindowsMazeProject\WindowsMazeProject\AStar.cpp : 65
NOALLOC [0x000001FD565BC560] E:\Procademy\PROCADEMEY\course1\WindowsMazeProject\WindowsMazeProject\AStar.cpp : 65
NOALLOC [0x000001FD565BF900] E:\Procademy\PROCADEMEY\course1\WindowsMazeProject\WindowsMazeProject\AStar.cpp : 65
NOALLOC [0x000001FD565BF4A0] E:\Procademy\PROCADEMEY\course1\WindowsMazeProject\WindowsMazeProject\AStar.cpp : 65
NOALLOC [0x000001FD565BF4F0] E:\Procademy\PROCADEMEY\course1\WindowsMazeProject\WindowsMazeProject\AStar.cpp : 65
NOALLOC [0x000001FD5659B640] E:\Procademy\PROCADEMEY\course1\WindowsMazeProject\WindowsMazeProject\AStar.cpp : 65
NOALLOC [0x000001FD5659BC30] E:\Procademy\PROCADEMEY\course1\WindowsMazeProject\WindowsMazeProject\AStar.cpp : 65
NOALLOC [0x000001FD5659B5A0] E:\Procademy\PROCADEMEY\course1\WindowsMazeProject\WindowsMazeProject\AStar.cpp : 65
NOALLOC [0x000001FD5659C720] E:\Procademy\PROCADEMEY\course1\WindowsMazeProject\WindowsMazeProject\AStar.cpp : 65
NOALLOC [0x000001FD5659CC20] E:\Procademy\PROCADEMEY\course1\WindowsMazeProject\WindowsMazeProject\AStar.cpp : 65
NOALLOC [0x000001FD5659CA40] E:\Procademy\PROCADEMEY\course1\WindowsMazeProject\WindowsMazeProject\AStar.cpp : 65
NOALLOC [0x000001FD5659D030] E:\Procademy\PROCADEMEY\course1\WindowsMazeProject\WindowsMazeProject\AStar.cpp : 65
NOALLOC [0x000001FD5659CFE0] E:\Procademy\PROCADEMEY\course1\WindowsMazeProject\WindowsMazeProject\AStar.cpp : 65
NOALLOC [0x000001FD5659D670] E:\Procademy\PROCADEMEY\course1\WindowsMazeProject\WindowsMazeProject\AStar.cpp : 65
NOALLOC [0x000001FD5659C9A0] E:\Procademy\PROCADEMEY\course1\WindowsMazeProject\WindowsMazeProject\AStar.cpp : 65
NOALLOC [0x000001FD565C6D30] E:\Procademy\PROCADEMEY\course1\WindowsMazeProject\WindowsMazeProject\AStar.cpp : 65
NOALLOC [0x000001FD565C7000] E:\Procademy\PROCADEMEY\course1\WindowsMazeProject\WindowsMazeProject\AStar.cpp : 65
NOALLOC [0x000001FD565C75A0] E:\Procademy\PROCADEMEY\course1\WindowsMazeProject\WindowsMazeProject\AStar.cpp : 65
