c:\procademy\procademey\course3\mmo_tcpfighter\mmo_tcp_fighter_server\mmo_tcp_fighter_server\x64\release\mmo_tcp_fighter_server.pch
c:\procademy\procademey\course3\mmo_tcpfighter\mmo_tcp_fighter_server\mmo_tcp_fighter_server\x64\release\vc143.pdb
c:\procademy\procademey\course3\mmo_tcpfighter\mmo_tcp_fighter_server\mmo_tcp_fighter_server\x64\release\pch.obj
c:\procademy\procademey\course3\mmo_tcpfighter\mmo_tcp_fighter_server\mmo_tcp_fighter_server\x64\release\session.obj
c:\procademy\procademey\course3\mmo_tcpfighter\mmo_tcp_fighter_server\mmo_tcp_fighter_server\x64\release\serializablebuffer.obj
c:\procademy\procademey\course3\mmo_tcpfighter\mmo_tcp_fighter_server\mmo_tcp_fighter_server\x64\release\sector.obj
c:\procademy\procademey\course3\mmo_tcpfighter\mmo_tcp_fighter_server\mmo_tcp_fighter_server\x64\release\ringbuffer.obj
c:\procademy\procademey\course3\mmo_tcpfighter\mmo_tcp_fighter_server\mmo_tcp_fighter_server\x64\release\processpacket.obj
c:\procademy\procademey\course3\mmo_tcpfighter\mmo_tcp_fighter_server\mmo_tcp_fighter_server\x64\release\player.obj
c:\procademy\procademey\course3\mmo_tcpfighter\mmo_tcp_fighter_server\mmo_tcp_fighter_server\x64\release\objectpool.obj
c:\procademy\procademey\course3\mmo_tcpfighter\mmo_tcp_fighter_server\mmo_tcp_fighter_server\x64\release\networkmanager.obj
c:\procademy\procademey\course3\mmo_tcpfighter\mmo_tcp_fighter_server\mmo_tcp_fighter_server\x64\release\main.obj
c:\procademy\procademey\course3\mmo_tcpfighter\mmo_tcp_fighter_server\mmo_tcp_fighter_server\x64\release\logger.obj
c:\procademy\procademey\course3\mmo_tcpfighter\mmo_tcp_fighter_server\mmo_tcp_fighter_server\x64\release\genpacket.obj
c:\procademy\procademey\course3\mmo_tcpfighter\mmo_tcp_fighter_server\mmo_tcp_fighter_server\x64\release\gamelogic.obj
c:\procademy\procademey\course3\mmo_tcpfighter\mmo_tcp_fighter_server\x64\release\mmo_tcp_fighter_server.exe
c:\procademy\procademey\course3\mmo_tcpfighter\mmo_tcp_fighter_server\x64\release\mmo_tcp_fighter_server.pdb
c:\procademy\procademey\course3\mmo_tcpfighter\mmo_tcp_fighter_server\mmo_tcp_fighter_server\x64\release\mmo_tcp_fighter_server.ipdb
c:\procademy\procademey\course3\mmo_tcpfighter\mmo_tcp_fighter_server\mmo_tcp_fighter_server\x64\release\mmo_tcp_fighter_server.iobj
c:\procademy\procademey\course3\mmo_tcpfighter\mmo_tcp_fighter_server\mmo_tcp_fighter_server\x64\release\mmo_tcp_.c917d6e2.tlog\cl.command.1.tlog
c:\procademy\procademey\course3\mmo_tcpfighter\mmo_tcp_fighter_server\mmo_tcp_fighter_server\x64\release\mmo_tcp_.c917d6e2.tlog\cl.items.tlog
c:\procademy\procademey\course3\mmo_tcpfighter\mmo_tcp_fighter_server\mmo_tcp_fighter_server\x64\release\mmo_tcp_.c917d6e2.tlog\cl.read.1.tlog
c:\procademy\procademey\course3\mmo_tcpfighter\mmo_tcp_fighter_server\mmo_tcp_fighter_server\x64\release\mmo_tcp_.c917d6e2.tlog\cl.write.1.tlog
c:\procademy\procademey\course3\mmo_tcpfighter\mmo_tcp_fighter_server\mmo_tcp_fighter_server\x64\release\mmo_tcp_.c917d6e2.tlog\link.command.1.tlog
c:\procademy\procademey\course3\mmo_tcpfighter\mmo_tcp_fighter_server\mmo_tcp_fighter_server\x64\release\mmo_tcp_.c917d6e2.tlog\link.read.1.tlog
c:\procademy\procademey\course3\mmo_tcpfighter\mmo_tcp_fighter_server\mmo_tcp_fighter_server\x64\release\mmo_tcp_.c917d6e2.tlog\link.secondary.1.tlog
c:\procademy\procademey\course3\mmo_tcpfighter\mmo_tcp_fighter_server\mmo_tcp_fighter_server\x64\release\mmo_tcp_.c917d6e2.tlog\link.write.1.tlog
