  pch.cpp
  AStar.cpp
  Bresenham.cpp
  CellularAutomata.cpp
E:\Procademy\PROCADEMEY\course1\WindowsMazeProject\WindowsMazeProject\CellularAutomata.cpp(13,9): warning C4244: '인수': 'time_t'에서 'unsigned int'(으)로 변환하면서 데이터가 손실될 수 있습니다.
  (소스 파일 '/CellularAutomata.cpp'을(를) 컴파일하는 중)
  
  DrawGRID.cpp
  EllersMazeGenerator.cpp
E:\Procademy\PROCADEMEY\course1\WindowsMazeProject\WindowsMazeProject\EllersMazeGenerator.cpp(9,12): warning C4244: '인수': 'time_t'에서 'unsigned int'(으)로 변환하면서 데이터가 손실될 수 있습니다.
  (소스 파일 '/EllersMazeGenerator.cpp'을(를) 컴파일하는 중)
  
  JPS.cpp
  Node.cpp
  SelectGDI.cpp
  WindowsMazeProject.cpp
  코드를 생성하고 있습니다.
  771 of 771 functions (100.0%) were compiled.
    0 functions were new in current compilation
    0 functions had inline decision re-evaluated but remain unchanged
  코드를 생성했습니다.
  WindowsMazeProject.vcxproj -> E:\Procademy\PROCADEMEY\course1\WindowsMazeProject\x64\Release\WindowsMazeProject.exe
  'pwsh.exe'은(는) 내부 또는 외부 명령, 실행할 수 있는 프로그램, 또는
  배치 파일이 아닙니다.
