  CacheSimulator.cpp
  Main.cpp
E:\Procademy\PROCADEMEY\course2\CacheSimulator\CacheSimulator\CacheSimulator.h(70,19): warning C4267: '=': 'size_t'에서 'int'(으)로 변환하면서 데이터가 손실될 수 있습니다.
  (소스 파일 'CacheSimulator.cpp'을(를) 컴파일하는 중)
  
E:\Procademy\PROCADEMEY\course2\CacheSimulator\CacheSimulator\CacheSimulator.h(77,31): warning C4244: '인수': 'unsigned __int64'에서 'int'(으)로 변환하면서 데이터가 손실될 수 있습니다.
  (소스 파일 'CacheSimulator.cpp'을(를) 컴파일하는 중)
  
E:\Procademy\PROCADEMEY\course2\CacheSimulator\CacheSimulator\CacheSimulator.h(83,33): warning C4244: '인수': 'unsigned __int64'에서 'int'(으)로 변환하면서 데이터가 손실될 수 있습니다.
  (소스 파일 'CacheSimulator.cpp'을(를) 컴파일하는 중)
  
E:\Procademy\PROCADEMEY\course2\CacheSimulator\CacheSimulator\CacheSimulator.h(70,19): warning C4267: '=': 'size_t'에서 'int'(으)로 변환하면서 데이터가 손실될 수 있습니다.
  (소스 파일 'Main.cpp'을(를) 컴파일하는 중)
  
E:\Procademy\PROCADEMEY\course2\CacheSimulator\CacheSimulator\CacheSimulator.h(77,31): warning C4244: '인수': 'unsigned __int64'에서 'int'(으)로 변환하면서 데이터가 손실될 수 있습니다.
  (소스 파일 'Main.cpp'을(를) 컴파일하는 중)
  
E:\Procademy\PROCADEMEY\course2\CacheSimulator\CacheSimulator\CacheSimulator.h(83,33): warning C4244: '인수': 'unsigned __int64'에서 'int'(으)로 변환하면서 데이터가 손실될 수 있습니다.
  (소스 파일 'Main.cpp'을(를) 컴파일하는 중)
  
  코드를 생성하고 있습니다.
  11 of 11 functions (100.0%) were compiled.
    0 functions were new in current compilation
    0 functions had inline decision re-evaluated but remain unchanged
  코드를 생성했습니다.
  CacheSimulator.vcxproj -> E:\Procademy\PROCADEMEY\course2\CacheSimulator\x64\Release\CacheSimulator.exe
  'pwsh.exe'은(는) 내부 또는 외부 명령, 실행할 수 있는 프로그램, 또는
  배치 파일이 아닙니다.
