e:\procademy\procademey\course2\tcpfighter\server\x64\release\server.pch
e:\procademy\procademey\course2\tcpfighter\server\x64\release\vc143.pdb
e:\procademy\procademey\course2\tcpfighter\server\x64\release\pch.obj
e:\procademy\procademey\course2\tcpfighter\server\x64\release\session.obj
e:\procademy\procademey\course2\tcpfighter\server\x64\release\ringbuffer.obj
e:\procademy\procademey\course2\tcpfighter\server\x64\release\processpacket.obj
e:\procademy\procademey\course2\tcpfighter\server\x64\release\player.obj
e:\procademy\procademey\course2\tcpfighter\server\x64\release\packet.obj
e:\procademy\procademey\course2\tcpfighter\server\x64\release\networkmanager.obj
e:\procademy\procademey\course2\tcpfighter\server\x64\release\main.obj
e:\procademy\procademey\course2\tcpfighter\server\x64\release\genpacket.obj
e:\procademy\procademey\course2\tcpfighter\server\x64\release\gamelogic.obj
e:\procademy\procademey\course2\tcpfighter\x64\release\server.exe
e:\procademy\procademey\course2\tcpfighter\x64\release\server.pdb
e:\procademy\procademey\course2\tcpfighter\server\x64\release\server.ipdb
e:\procademy\procademey\course2\tcpfighter\server\x64\release\server.iobj
e:\procademy\procademey\course2\tcpfighter\server\x64\release\server.tlog\cl.read.1.tlog
e:\procademy\procademey\course2\tcpfighter\server\x64\release\server.tlog\cl.write.1.tlog
e:\procademy\procademey\course2\tcpfighter\server\x64\release\server.tlog\cl.command.1.tlog
e:\procademy\procademey\course2\tcpfighter\server\x64\release\server.tlog\link.read.40.tlog
e:\procademy\procademey\course2\tcpfighter\server\x64\release\server.tlog\link.write.1.tlog
e:\procademy\procademey\course2\tcpfighter\server\x64\release\server.tlog\link.secondary.1.tlog
e:\procademy\procademey\course2\tcpfighter\server\x64\release\server.tlog\link.command.1.tlog
e:\procademy\procademey\course2\tcpfighter\server\x64\release\server.tlog\cl.items.tlog
