c:\procademy\procademey\course1\과제\project1\07engtokortranslate\debug\vc143.pdb
c:\procademy\procademey\course1\과제\project1\07engtokortranslate\debug\vc143.idb
c:\procademy\procademey\course1\과제\project1\07engtokortranslate\debug\main.obj
c:\procademy\procademey\course1\과제\project1\07engtokortranslate\debug\ctranslator.obj
c:\procademy\procademey\course1\과제\project1\07engtokortranslate\debug\cdictionary.obj
c:\procademy\procademey\course1\과제\project1\07engtokortranslate\debug\tstring.obj
c:\procademy\procademey\course1\과제\project1\07engtokortranslate\debug\cfileloader.obj
c:\procademy\procademey\course1\과제\project1\07engtokortranslate\debug\cmmfloader.obj
c:\procademy\procademey\course1\과제\project1\07engtokortranslate\debug\07engtokortranslate.pch
c:\procademy\procademey\course1\과제\project1\07engtokortranslate\debug\pch.obj
c:\procademy\procademey\course1\과제\project1\debug\07engtokortranslate.exe
c:\procademy\procademey\course1\과제\project1\07engtokortranslate\debug\07engtokortranslate.ilk
c:\procademy\procademey\course1\과제\project1\debug\07engtokortranslate.pdb
c:\procademy\procademey\course1\과제\project1\07engtokortranslate\debug\07engtok.b8f9579e.tlog\cl.command.1.tlog
c:\procademy\procademey\course1\과제\project1\07engtokortranslate\debug\07engtok.b8f9579e.tlog\cl.items.tlog
c:\procademy\procademey\course1\과제\project1\07engtokortranslate\debug\07engtok.b8f9579e.tlog\cl.read.1.tlog
c:\procademy\procademey\course1\과제\project1\07engtokortranslate\debug\07engtok.b8f9579e.tlog\cl.write.1.tlog
c:\procademy\procademey\course1\과제\project1\07engtokortranslate\debug\07engtok.b8f9579e.tlog\link.command.1.tlog
c:\procademy\procademey\course1\과제\project1\07engtokortranslate\debug\07engtok.b8f9579e.tlog\link.read.1.tlog
c:\procademy\procademey\course1\과제\project1\07engtokortranslate\debug\07engtok.b8f9579e.tlog\link.write.1.tlog
